Unable to find image 'nextflow/rnaseq-nf:latest' locally
latest: Pulling from nextflow/rnaseq-nf
b8f262c62ec6: Pulling fs layer
fa9712f20293: Pulling fs layer
6ec1e76960c6: Pulling fs layer
fe231f126300: Pulling fs layer
b5060e108b58: Pulling fs layer
ba0e69f9489f: Pulling fs layer
248da7e19707: Pulling fs layer
ba0e69f9489f: Waiting
b5060e108b58: Waiting
248da7e19707: Waiting
fe231f126300: Waiting
b8f262c62ec6: Verifying Checksum
b8f262c62ec6: Download complete
b8f262c62ec6: Pull complete
fa9712f20293: Download complete
6ec1e76960c6: Verifying Checksum
6ec1e76960c6: Download complete
fa9712f20293: Pull complete
fe231f126300: Verifying Checksum
fe231f126300: Download complete
b5060e108b58: Verifying Checksum
b5060e108b58: Download complete
6ec1e76960c6: Pull complete
fe231f126300: Pull complete
b5060e108b58: Pull complete
248da7e19707: Verifying Checksum
248da7e19707: Download complete
