[2025-07-30 10:33:50,996] multiqc                                            [DEBUG  ]  No MultiQC config found: /opt/conda/lib/python2.7/site-packages/multiqc_config.yaml
[2025-07-30 10:33:50,996] multiqc                                            [DEBUG  ]  No MultiQC config found: /.multiqc_config.yaml
[2025-07-30 10:33:50,996] multiqc                                            [DEBUG  ]  No MultiQC config found: multiqc_config.yaml
[2025-07-30 10:33:50,996] multiqc                                            [DEBUG  ]  Command used: /opt/conda/bin/multiqc .
[2025-07-30 10:33:52,263] multiqc                                            [WARNING]  MultiQC Version v1.30 now available!
[2025-07-30 10:33:52,264] multiqc                                            [INFO   ]  This is MultiQC v1.5.dev0
[2025-07-30 10:33:52,264] multiqc                                            [DEBUG  ]  Command     : /opt/conda/bin/multiqc .
[2025-07-30 10:33:52,264] multiqc                                            [DEBUG  ]  Working dir : /home/aigul_sharip/EPAM/Bioinformatics/Nextflow_training/training/nf-training/work/6d/ae7597ec029261563d7f88090dbce4
[2025-07-30 10:33:52,264] multiqc                                            [INFO   ]  Template    : default
[2025-07-30 10:33:52,264] multiqc                                            [INFO   ]  Searching '.'
[2025-07-30 10:33:52,264] multiqc                                            [DEBUG  ]  Analysing modules: afterqc, custom_content, conpair, peddy, methylQA, qualimap, preseq, quast, qorts, rna_seqc, rsem, rseqc, busco, goleft_indexcov, disambiguate, supernova, deeptools, sargasso, verifybamid, homer, macs2, theta2, snpeff, gatk, htseq, bcftools, featureCounts, picard, prokka, samblaster, samtools, bamtools, jellyfish, vcftools, bbmap, bismark, hicexplorer, hicup, salmon, kallisto, slamdunk, star, hisat2, tophat, bowtie2, bowtie1, leehom, adapterRemoval, cutadapt, flexbar, trimmomatic, skewer, sortmerna, biobloomtools, fastq_screen, fastqc, clusterflow, bcl2fastq, interop
[2025-07-30 10:33:52,264] multiqc                                            [DEBUG  ]  Using temporary directory for creating report: /tmp/tmp0OqWGO
[2025-07-30 10:33:52,386] multiqc                                            [DEBUG  ]  Ignoring file as matched an ignore pattern: lung_2_fastqc.html
[2025-07-30 10:33:52,386] multiqc                                            [DEBUG  ]  Ignoring file as matched an ignore pattern: lung_1_fastqc.html
[2025-07-30 10:33:53,124] multiqc                                            [DEBUG  ]  No samples found: afterqc
[2025-07-30 10:33:53,130] multiqc                                            [DEBUG  ]  No samples found: custom_content
[2025-07-30 10:33:53,135] multiqc                                            [DEBUG  ]  No samples found: conpair
[2025-07-30 10:33:53,140] multiqc                                            [DEBUG  ]  No samples found: peddy
[2025-07-30 10:33:53,146] multiqc                                            [DEBUG  ]  No samples found: methylQA
[2025-07-30 10:33:53,151] multiqc                                            [DEBUG  ]  No samples found: qualimap
[2025-07-30 10:33:53,156] multiqc                                            [DEBUG  ]  No samples found: preseq
[2025-07-30 10:33:53,161] multiqc                                            [DEBUG  ]  No samples found: quast
[2025-07-30 10:33:53,166] multiqc                                            [DEBUG  ]  No samples found: qorts
[2025-07-30 10:33:53,171] multiqc                                            [DEBUG  ]  No samples found: rna_seqc
[2025-07-30 10:33:53,176] multiqc                                            [DEBUG  ]  No samples found: rsem
[2025-07-30 10:33:53,183] multiqc                                            [DEBUG  ]  No samples found: rseqc
[2025-07-30 10:33:53,188] multiqc                                            [DEBUG  ]  No samples found: busco
[2025-07-30 10:33:53,193] multiqc                                            [DEBUG  ]  No samples found: goleft_indexcov
[2025-07-30 10:33:53,197] multiqc                                            [DEBUG  ]  No samples found: disambiguate
[2025-07-30 10:33:53,203] multiqc                                            [DEBUG  ]  No samples found: supernova
[2025-07-30 10:33:53,208] multiqc                                            [DEBUG  ]  No samples found: deeptools
[2025-07-30 10:33:53,213] multiqc                                            [DEBUG  ]  No samples found: sargasso
[2025-07-30 10:33:53,218] multiqc                                            [DEBUG  ]  No samples found: verifybamid
[2025-07-30 10:33:53,223] multiqc                                            [DEBUG  ]  No samples found: homer
[2025-07-30 10:33:53,228] multiqc                                            [DEBUG  ]  No samples found: macs2
[2025-07-30 10:33:53,232] multiqc                                            [DEBUG  ]  No samples found: theta2
[2025-07-30 10:33:53,237] multiqc                                            [DEBUG  ]  No samples found: snpeff
[2025-07-30 10:33:53,243] multiqc                                            [DEBUG  ]  No samples found: gatk
[2025-07-30 10:33:53,247] multiqc                                            [DEBUG  ]  No samples found: htseq
[2025-07-30 10:33:53,252] multiqc                                            [DEBUG  ]  No samples found: bcftools
[2025-07-30 10:33:53,257] multiqc                                            [DEBUG  ]  No samples found: featureCounts
[2025-07-30 10:33:53,263] multiqc                                            [DEBUG  ]  No samples found: picard
[2025-07-30 10:33:53,269] multiqc                                            [DEBUG  ]  No samples found: prokka
[2025-07-30 10:33:53,274] multiqc                                            [DEBUG  ]  No samples found: samblaster
[2025-07-30 10:33:53,279] multiqc                                            [DEBUG  ]  No samples found: samtools
[2025-07-30 10:33:53,284] multiqc                                            [DEBUG  ]  No samples found: bamtools
[2025-07-30 10:33:53,288] multiqc                                            [DEBUG  ]  No samples found: jellyfish
[2025-07-30 10:33:53,293] multiqc                                            [DEBUG  ]  No samples found: vcftools
[2025-07-30 10:33:53,300] multiqc                                            [DEBUG  ]  No samples found: bbmap
[2025-07-30 10:33:53,305] multiqc                                            [DEBUG  ]  No samples found: bismark
[2025-07-30 10:33:53,309] multiqc                                            [DEBUG  ]  No samples found: hicexplorer
[2025-07-30 10:33:53,314] multiqc                                            [DEBUG  ]  No samples found: hicup
[2025-07-30 10:33:53,319] multiqc                                            [DEBUG  ]  No samples found: salmon
[2025-07-30 10:33:53,324] multiqc                                            [DEBUG  ]  No samples found: kallisto
[2025-07-30 10:33:53,328] multiqc                                            [DEBUG  ]  No samples found: slamdunk
[2025-07-30 10:33:53,333] multiqc                                            [DEBUG  ]  No samples found: star
[2025-07-30 10:33:53,338] multiqc                                            [DEBUG  ]  No samples found: hisat2
[2025-07-30 10:33:53,343] multiqc                                            [DEBUG  ]  No samples found: tophat
[2025-07-30 10:33:53,347] multiqc                                            [DEBUG  ]  No samples found: bowtie2
[2025-07-30 10:33:53,352] multiqc                                            [DEBUG  ]  No samples found: bowtie1
[2025-07-30 10:33:53,357] multiqc                                            [DEBUG  ]  No samples found: leehom
[2025-07-30 10:33:53,361] multiqc                                            [DEBUG  ]  No samples found: adapterRemoval
[2025-07-30 10:33:53,368] multiqc                                            [DEBUG  ]  No samples found: cutadapt
[2025-07-30 10:33:53,373] multiqc                                            [DEBUG  ]  No samples found: flexbar
[2025-07-30 10:33:53,378] multiqc                                            [DEBUG  ]  No samples found: trimmomatic
[2025-07-30 10:33:53,383] multiqc                                            [DEBUG  ]  No samples found: skewer
[2025-07-30 10:33:53,388] multiqc                                            [DEBUG  ]  No samples found: sortmerna
[2025-07-30 10:33:53,392] multiqc                                            [DEBUG  ]  No samples found: biobloomtools
[2025-07-30 10:33:53,397] multiqc                                            [DEBUG  ]  No samples found: fastq_screen
[2025-07-30 10:33:53,437] multiqc.modules.fastqc.fastqc                      [INFO   ]  Found 2 reports
[2025-07-30 10:33:53,619] multiqc                                            [DEBUG  ]  No samples found: clusterflow
[2025-07-30 10:33:53,622] multiqc                                            [DEBUG  ]  No samples found: bcl2fastq
[2025-07-30 10:33:53,625] multiqc                                            [DEBUG  ]  No samples found: interop
[2025-07-30 10:33:53,633] multiqc                                            [INFO   ]  Compressing plot data
[2025-07-30 10:33:53,826] multiqc                                            [INFO   ]  Report      : multiqc_report.html
[2025-07-30 10:33:53,826] multiqc                                            [INFO   ]  Data        : multiqc_data
[2025-07-30 10:33:53,826] multiqc                                            [DEBUG  ]  Moving data file from '/tmp/tmp0OqWGO/multiqc_data/multiqc_data.json' to '/home/aigul_sharip/EPAM/Bioinformatics/Nextflow_training/training/nf-training/work/6d/ae7597ec029261563d7f88090dbce4/multiqc_data'
[2025-07-30 10:33:53,827] multiqc                                            [DEBUG  ]  Moving data file from '/tmp/tmp0OqWGO/multiqc_data/multiqc_fastqc.txt' to '/home/aigul_sharip/EPAM/Bioinformatics/Nextflow_training/training/nf-training/work/6d/ae7597ec029261563d7f88090dbce4/multiqc_data'
[2025-07-30 10:33:53,828] multiqc                                            [DEBUG  ]  Moving data file from '/tmp/tmp0OqWGO/multiqc_data/multiqc_sources.txt' to '/home/aigul_sharip/EPAM/Bioinformatics/Nextflow_training/training/nf-training/work/6d/ae7597ec029261563d7f88090dbce4/multiqc_data'
[2025-07-30 10:33:53,828] multiqc                                            [DEBUG  ]  Moving data file from '/tmp/tmp0OqWGO/multiqc_data/multiqc_general_stats.txt' to '/home/aigul_sharip/EPAM/Bioinformatics/Nextflow_training/training/nf-training/work/6d/ae7597ec029261563d7f88090dbce4/multiqc_data'
[2025-07-30 10:33:53,975] multiqc                                            [INFO   ]  MultiQC complete
