Aug-04 12:29:23.769 [main] DEBUG nextflow.cli.Launcher - $> nextflow run script5.nf
Aug-04 12:29:23.935 [main] DEBUG nextflow.cli.CmdRun - N E X T F L O W  ~  version 25.04.6
Aug-04 12:29:23.960 [main] DEBUG nextflow.plugin.PluginsFacade - Setting up plugin manager > mode=prod; embedded=false; plugins-dir=/home/aigul_sharip/.nextflow/plugins; core-plugins: nf-amazon@2.15.0,nf-azure@1.16.0,nf-cloudcache@0.4.3,nf-codecommit@0.2.3,nf-console@1.2.1,nf-google@1.21.1,nf-k8s@1.0.0,nf-tower@1.11.4,nf-wave@1.12.1
Aug-04 12:29:23.981 [main] INFO  o.pf4j.DefaultPluginStatusProvider - Enabled plugins: []
Aug-04 12:29:23.982 [main] INFO  o.pf4j.DefaultPluginStatusProvider - Disabled plugins: []
Aug-04 12:29:23.985 [main] INFO  org.pf4j.DefaultPluginManager - PF4J version 3.12.0 in 'deployment' mode
Aug-04 12:29:24.002 [main] INFO  org.pf4j.AbstractPluginManager - No plugins
Aug-04 12:29:24.027 [main] DEBUG nextflow.config.ConfigBuilder - Found config local: /home/aigul_sharip/EPAM/Bioinformatics/Nextflow_training/training/nf-training/nextflow.config
Aug-04 12:29:24.029 [main] DEBUG nextflow.config.ConfigBuilder - Parsing config file: /home/aigul_sharip/EPAM/Bioinformatics/Nextflow_training/training/nf-training/nextflow.config
Aug-04 12:29:24.061 [main] DEBUG n.secret.LocalSecretsProvider - Secrets store: /home/aigul_sharip/.nextflow/secrets/store.json
Aug-04 12:29:24.064 [main] DEBUG nextflow.secret.SecretsLoader - Discovered secrets providers: [nextflow.secret.LocalSecretsProvider@5eccd3b9] - activable => nextflow.secret.LocalSecretsProvider@5eccd3b9
Aug-04 12:29:24.070 [main] DEBUG nextflow.config.ConfigBuilder - Applying config profile: `standard`
Aug-04 12:29:24.593 [main] DEBUG nextflow.cli.CmdRun - Applied DSL=2 by global default
Aug-04 12:29:24.607 [main] DEBUG nextflow.cli.CmdRun - Launching `script5.nf` [sharp_curry] DSL2 - revision: 23bf72c08d
Aug-04 12:29:24.609 [main] DEBUG nextflow.plugin.PluginsFacade - Plugins default=[]
Aug-04 12:29:24.610 [main] DEBUG nextflow.plugin.PluginsFacade - Plugins resolved requirement=[]
Aug-04 12:29:24.667 [main] DEBUG nextflow.Session - Session UUID: 74348e64-b5a2-4652-9c71-9ca63793111f
Aug-04 12:29:24.668 [main] DEBUG nextflow.Session - Run name: sharp_curry
Aug-04 12:29:24.668 [main] DEBUG nextflow.Session - Executor pool size: 8
Aug-04 12:29:24.677 [main] DEBUG nextflow.file.FilePorter - File porter settings maxRetries=3; maxTransfers=50; pollTimeout=null
Aug-04 12:29:24.685 [main] DEBUG nextflow.util.ThreadPoolBuilder - Creating thread pool 'FileTransfer' minSize=10; maxSize=24; workQueue=LinkedBlockingQueue[-1]; allowCoreThreadTimeout=false
Aug-04 12:29:24.709 [main] DEBUG nextflow.cli.CmdRun - 
  Version: 25.04.6 build 5954
  Created: 01-07-2025 11:27 UTC (16:27 ALMST)
  System: Linux 6.8.0-60-generic
  Runtime: Groovy 4.0.26 on OpenJDK 64-Bit Server VM 17.0.15+6-Ubuntu-0ubuntu122.04
  Encoding: UTF-8 (UTF-8)
  Process: 211470@EPKZASTW0172 [127.0.1.1]
  CPUs: 8 - Mem: 31 GB (626.7 MB) - Swap: 2 GB (256.6 MB)
Aug-04 12:29:24.738 [main] DEBUG nextflow.Session - Work-dir: /home/aigul_sharip/EPAM/Bioinformatics/Nextflow_training/training/nf-training/work [ecryptfs]
Aug-04 12:29:24.778 [main] DEBUG nextflow.executor.ExecutorFactory - Extension executors providers=[]
Aug-04 12:29:24.789 [main] DEBUG nextflow.Session - Observer factory: DefaultObserverFactory
Aug-04 12:29:24.797 [main] DEBUG nextflow.Session - Observer factory (v2): LinObserverFactory
Aug-04 12:29:24.826 [main] DEBUG nextflow.cache.CacheFactory - Using Nextflow cache factory: nextflow.cache.DefaultCacheFactory
Aug-04 12:29:24.838 [main] DEBUG nextflow.util.CustomThreadPool - Creating default thread pool > poolSize: 9; maxThreads: 1000
Aug-04 12:29:24.912 [main] DEBUG nextflow.Session - Session start
Aug-04 12:29:25.289 [main] DEBUG nextflow.script.ScriptRunner - > Launching execution
Aug-04 12:29:25.305 [main] INFO  nextflow.Nextflow - R N A S E Q - N F   P I P E L I N E
===================================
transcriptome: /home/aigul_sharip/EPAM/Bioinformatics/Nextflow_training/training/nf-training/data/ggal/transcriptome.fa
reads        : /home/aigul_sharip/EPAM/Bioinformatics/Nextflow_training/training/nf-training/data/ggal/gut_{1,2}.fq
outdir       : results

Aug-04 12:29:25.455 [main] DEBUG nextflow.executor.ExecutorFactory - << taskConfig executor: null
Aug-04 12:29:25.456 [main] DEBUG nextflow.executor.ExecutorFactory - >> processorType: 'local'
Aug-04 12:29:25.462 [main] DEBUG nextflow.executor.Executor - [warm up] executor > local
Aug-04 12:29:25.468 [main] DEBUG n.processor.LocalPollingMonitor - Creating local task monitor for executor 'local' > cpus=8; memory=31 GB; capacity=8; pollInterval=100ms; dumpInterval=5m
Aug-04 12:29:25.470 [main] DEBUG n.processor.TaskPollingMonitor - >>> barrier register (monitor: local)
Aug-04 12:29:25.494 [main] DEBUG nextflow.processor.TaskProcessor - Creating process 'INDEX': maxForks=0; fair=false; array=0
Aug-04 12:29:25.593 [main] DEBUG nextflow.executor.ExecutorFactory - << taskConfig executor: null
Aug-04 12:29:25.594 [main] DEBUG nextflow.executor.ExecutorFactory - >> processorType: 'local'
Aug-04 12:29:25.596 [main] DEBUG nextflow.processor.TaskProcessor - Creating process 'QUANTIFICATION': maxForks=0; fair=false; array=0
Aug-04 12:29:25.616 [main] DEBUG nextflow.executor.ExecutorFactory - << taskConfig executor: null
Aug-04 12:29:25.617 [main] DEBUG nextflow.executor.ExecutorFactory - >> processorType: 'local'
Aug-04 12:29:25.620 [main] DEBUG nextflow.processor.TaskProcessor - Creating process 'FASTQC': maxForks=0; fair=false; array=0
Aug-04 12:29:25.632 [main] DEBUG nextflow.Session - Workflow process names [dsl2]: FASTQC, QUANTIFICATION, INDEX
Aug-04 12:29:25.637 [main] DEBUG nextflow.Session - Igniting dataflow network (4)
Aug-04 12:29:25.646 [PathVisitor-1] DEBUG nextflow.file.PathVisitor - files for syntax: glob; folder: /home/aigul_sharip/EPAM/Bioinformatics/Nextflow_training/training/nf-training/data/ggal/; pattern: gut_{1,2}.fq; options: [checkIfExists:true]
Aug-04 12:29:25.648 [main] DEBUG nextflow.processor.TaskProcessor - Starting process > INDEX
Aug-04 12:29:25.649 [main] DEBUG nextflow.processor.TaskProcessor - Starting process > QUANTIFICATION
Aug-04 12:29:25.651 [main] DEBUG nextflow.processor.TaskProcessor - Starting process > FASTQC
Aug-04 12:29:25.655 [main] DEBUG nextflow.script.ScriptRunner - Parsed script files:
  Script_f69a6f1031aa0daa: /home/aigul_sharip/EPAM/Bioinformatics/Nextflow_training/training/nf-training/script5.nf
Aug-04 12:29:25.656 [main] DEBUG nextflow.script.ScriptRunner - > Awaiting termination 
Aug-04 12:29:25.657 [main] DEBUG nextflow.Session - Session await
Aug-04 12:29:25.906 [Task submitter] DEBUG n.executor.local.LocalTaskHandler - Launch cmd line: /bin/bash -ue .command.run
Aug-04 12:29:25.908 [Task submitter] INFO  nextflow.Session - [57/add99a] Submitted process > FASTQC (FASTQC on gut)
Aug-04 12:29:25.924 [Task submitter] DEBUG n.executor.local.LocalTaskHandler - Launch cmd line: /bin/bash -ue .command.run
Aug-04 12:29:25.925 [Task submitter] INFO  nextflow.Session - [6e/7262cb] Submitted process > INDEX
Aug-04 12:29:26.681 [Task monitor] DEBUG n.processor.TaskPollingMonitor - Task completed > TaskHandler[id: 1; name: INDEX; status: COMPLETED; exit: 0; error: -; workDir: /home/aigul_sharip/EPAM/Bioinformatics/Nextflow_training/training/nf-training/work/6e/7262cbc9bb5ae3c81be2d6b2ed2a4d]
Aug-04 12:29:26.683 [Task monitor] DEBUG nextflow.util.ThreadPoolBuilder - Creating thread pool 'TaskFinalizer' minSize=10; maxSize=24; workQueue=LinkedBlockingQueue[-1]; allowCoreThreadTimeout=false
Aug-04 12:29:26.726 [Task submitter] DEBUG n.executor.local.LocalTaskHandler - Launch cmd line: /bin/bash -ue .command.run
Aug-04 12:29:26.726 [Task submitter] INFO  nextflow.Session - [21/e9badb] Submitted process > QUANTIFICATION (Salmon on gut)
Aug-04 12:29:27.551 [Task monitor] DEBUG n.processor.TaskPollingMonitor - Task completed > TaskHandler[id: 3; name: QUANTIFICATION (Salmon on gut); status: COMPLETED; exit: 0; error: -; workDir: /home/aigul_sharip/EPAM/Bioinformatics/Nextflow_training/training/nf-training/work/21/e9badbf1a33b385f173ad255463776]
Aug-04 12:29:27.565 [TaskFinalizer-2] DEBUG nextflow.util.ThreadPoolBuilder - Creating thread pool 'PublishDir' minSize=10; maxSize=24; workQueue=LinkedBlockingQueue[-1]; allowCoreThreadTimeout=false
Aug-04 12:29:29.470 [Task monitor] DEBUG n.processor.TaskPollingMonitor - Task completed > TaskHandler[id: 2; name: FASTQC (FASTQC on gut); status: COMPLETED; exit: 0; error: -; workDir: /home/aigul_sharip/EPAM/Bioinformatics/Nextflow_training/training/nf-training/work/57/add99a2b25af2622648fa876599b85]
Aug-04 12:29:29.472 [main] DEBUG nextflow.Session - Session await > all processes finished
Aug-04 12:29:29.571 [Task monitor] DEBUG n.processor.TaskPollingMonitor - <<< barrier arrives (monitor: local) - terminating tasks monitor poll loop
Aug-04 12:29:29.572 [main] DEBUG nextflow.Session - Session await > all barriers passed
Aug-04 12:29:29.578 [main] DEBUG nextflow.util.ThreadPoolManager - Thread pool 'TaskFinalizer' shutdown completed (hard=false)
Aug-04 12:29:29.578 [main] DEBUG nextflow.util.ThreadPoolManager - Thread pool 'PublishDir' shutdown completed (hard=false)
Aug-04 12:29:29.592 [main] DEBUG n.trace.WorkflowStatsObserver - Workflow completed > WorkflowStats[succeededCount=3; failedCount=0; ignoredCount=0; cachedCount=0; pendingCount=0; submittedCount=0; runningCount=0; retriesCount=0; abortedCount=0; succeedDuration=5s; failedDuration=0ms; cachedDuration=0ms;loadCpus=0; loadMemory=0; peakRunning=2; peakCpus=2; peakMemory=0; ]
Aug-04 12:29:29.787 [main] DEBUG nextflow.cache.CacheDB - Closing CacheDB done
Aug-04 12:29:29.818 [main] DEBUG nextflow.util.ThreadPoolManager - Thread pool 'FileTransfer' shutdown completed (hard=false)
Aug-04 12:29:29.818 [main] DEBUG nextflow.script.ScriptRunner - > Execution complete -- Goodbye
