[2025-07-30 10:33:51,084] multiqc                                            [DEBUG  ]  No MultiQC config found: /opt/conda/lib/python2.7/site-packages/multiqc_config.yaml
[2025-07-30 10:33:51,084] multiqc                                            [DEBUG  ]  No MultiQC config found: /.multiqc_config.yaml
[2025-07-30 10:33:51,084] multiqc                                            [DEBUG  ]  No MultiQC config found: multiqc_config.yaml
[2025-07-30 10:33:51,084] multiqc                                            [DEBUG  ]  Command used: /opt/conda/bin/multiqc .
[2025-07-30 10:33:52,292] multiqc                                            [WARNING]  MultiQC Version v1.30 now available!
[2025-07-30 10:33:52,293] multiqc                                            [INFO   ]  This is MultiQC v1.5.dev0
[2025-07-30 10:33:52,293] multiqc                                            [DEBUG  ]  Command     : /opt/conda/bin/multiqc .
[2025-07-30 10:33:52,293] multiqc                                            [DEBUG  ]  Working dir : /home/aigul_sharip/EPAM/Bioinformatics/Nextflow_training/training/nf-training/work/19/377331309680d8919ad17a45cabc0e
[2025-07-30 10:33:52,293] multiqc                                            [INFO   ]  Template    : default
[2025-07-30 10:33:52,293] multiqc                                            [INFO   ]  Searching '.'
[2025-07-30 10:33:52,293] multiqc                                            [DEBUG  ]  Analysing modules: afterqc, custom_content, conpair, peddy, methylQA, qualimap, preseq, quast, qorts, rna_seqc, rsem, rseqc, busco, goleft_indexcov, disambiguate, supernova, deeptools, sargasso, verifybamid, homer, macs2, theta2, snpeff, gatk, htseq, bcftools, featureCounts, picard, prokka, samblaster, samtools, bamtools, jellyfish, vcftools, bbmap, bismark, hicexplorer, hicup, salmon, kallisto, slamdunk, star, hisat2, tophat, bowtie2, bowtie1, leehom, adapterRemoval, cutadapt, flexbar, trimmomatic, skewer, sortmerna, biobloomtools, fastq_screen, fastqc, clusterflow, bcl2fastq, interop
[2025-07-30 10:33:52,293] multiqc                                            [DEBUG  ]  Using temporary directory for creating report: /tmp/tmpdCfv5Q
[2025-07-30 10:33:52,984] multiqc                                            [DEBUG  ]  No samples found: afterqc
[2025-07-30 10:33:52,988] multiqc                                            [DEBUG  ]  No samples found: custom_content
[2025-07-30 10:33:52,992] multiqc                                            [DEBUG  ]  No samples found: conpair
[2025-07-30 10:33:52,996] multiqc                                            [DEBUG  ]  No samples found: peddy
[2025-07-30 10:33:53,000] multiqc                                            [DEBUG  ]  No samples found: methylQA
[2025-07-30 10:33:53,006] multiqc                                            [DEBUG  ]  No samples found: qualimap
[2025-07-30 10:33:53,013] multiqc                                            [DEBUG  ]  No samples found: preseq
[2025-07-30 10:33:53,017] multiqc                                            [DEBUG  ]  No samples found: quast
[2025-07-30 10:33:53,023] multiqc                                            [DEBUG  ]  No samples found: qorts
[2025-07-30 10:33:53,029] multiqc                                            [DEBUG  ]  No samples found: rna_seqc
[2025-07-30 10:33:53,034] multiqc                                            [DEBUG  ]  No samples found: rsem
[2025-07-30 10:33:53,038] multiqc                                            [DEBUG  ]  No samples found: rseqc
[2025-07-30 10:33:53,041] multiqc                                            [DEBUG  ]  No samples found: busco
[2025-07-30 10:33:53,045] multiqc                                            [DEBUG  ]  No samples found: goleft_indexcov
[2025-07-30 10:33:53,049] multiqc                                            [DEBUG  ]  No samples found: disambiguate
[2025-07-30 10:33:53,052] multiqc                                            [DEBUG  ]  No samples found: supernova
[2025-07-30 10:33:53,056] multiqc                                            [DEBUG  ]  No samples found: deeptools
[2025-07-30 10:33:53,058] multiqc                                            [DEBUG  ]  No samples found: sargasso
[2025-07-30 10:33:53,061] multiqc                                            [DEBUG  ]  No samples found: verifybamid
[2025-07-30 10:33:53,064] multiqc                                            [DEBUG  ]  No samples found: homer
[2025-07-30 10:33:53,067] multiqc                                            [DEBUG  ]  No samples found: macs2
[2025-07-30 10:33:53,070] multiqc                                            [DEBUG  ]  No samples found: theta2
[2025-07-30 10:33:53,073] multiqc                                            [DEBUG  ]  No samples found: snpeff
[2025-07-30 10:33:53,076] multiqc                                            [DEBUG  ]  No samples found: gatk
[2025-07-30 10:33:53,078] multiqc                                            [DEBUG  ]  No samples found: htseq
[2025-07-30 10:33:53,082] multiqc                                            [DEBUG  ]  No samples found: bcftools
[2025-07-30 10:33:53,085] multiqc                                            [DEBUG  ]  No samples found: featureCounts
[2025-07-30 10:33:53,089] multiqc                                            [DEBUG  ]  No samples found: picard
[2025-07-30 10:33:53,092] multiqc                                            [DEBUG  ]  No samples found: prokka
[2025-07-30 10:33:53,096] multiqc                                            [DEBUG  ]  No samples found: samblaster
[2025-07-30 10:33:53,100] multiqc                                            [DEBUG  ]  No samples found: samtools
[2025-07-30 10:33:53,102] multiqc                                            [DEBUG  ]  No samples found: bamtools
[2025-07-30 10:33:53,105] multiqc                                            [DEBUG  ]  No samples found: jellyfish
[2025-07-30 10:33:53,108] multiqc                                            [DEBUG  ]  No samples found: vcftools
[2025-07-30 10:33:53,112] multiqc                                            [DEBUG  ]  No samples found: bbmap
[2025-07-30 10:33:53,115] multiqc                                            [DEBUG  ]  No samples found: bismark
[2025-07-30 10:33:53,117] multiqc                                            [DEBUG  ]  No samples found: hicexplorer
[2025-07-30 10:33:53,120] multiqc                                            [DEBUG  ]  No samples found: hicup
[2025-07-30 10:33:53,135] multiqc.modules.salmon.salmon                      [INFO   ]  Found 1 meta reports
[2025-07-30 10:33:53,137] multiqc.modules.salmon.salmon                      [INFO   ]  Found 1 fragment length distributions
[2025-07-30 10:33:53,144] multiqc                                            [DEBUG  ]  No samples found: kallisto
[2025-07-30 10:33:53,147] multiqc                                            [DEBUG  ]  No samples found: slamdunk
[2025-07-30 10:33:53,149] multiqc                                            [DEBUG  ]  No samples found: star
[2025-07-30 10:33:53,153] multiqc                                            [DEBUG  ]  No samples found: hisat2
[2025-07-30 10:33:53,155] multiqc                                            [DEBUG  ]  No samples found: tophat
[2025-07-30 10:33:53,158] multiqc                                            [DEBUG  ]  No samples found: bowtie2
[2025-07-30 10:33:53,161] multiqc                                            [DEBUG  ]  No samples found: bowtie1
[2025-07-30 10:33:53,163] multiqc                                            [DEBUG  ]  No samples found: leehom
[2025-07-30 10:33:53,166] multiqc                                            [DEBUG  ]  No samples found: adapterRemoval
[2025-07-30 10:33:53,169] multiqc                                            [DEBUG  ]  No samples found: cutadapt
[2025-07-30 10:33:53,172] multiqc                                            [DEBUG  ]  No samples found: flexbar
[2025-07-30 10:33:53,174] multiqc                                            [DEBUG  ]  No samples found: trimmomatic
[2025-07-30 10:33:53,177] multiqc                                            [DEBUG  ]  No samples found: skewer
[2025-07-30 10:33:53,180] multiqc                                            [DEBUG  ]  No samples found: sortmerna
[2025-07-30 10:33:53,182] multiqc                                            [DEBUG  ]  No samples found: biobloomtools
[2025-07-30 10:33:53,185] multiqc                                            [DEBUG  ]  No samples found: fastq_screen
[2025-07-30 10:33:53,188] multiqc                                            [DEBUG  ]  No samples found: fastqc
[2025-07-30 10:33:53,192] multiqc                                            [DEBUG  ]  No samples found: clusterflow
[2025-07-30 10:33:53,195] multiqc                                            [DEBUG  ]  No samples found: bcl2fastq
[2025-07-30 10:33:53,199] multiqc                                            [DEBUG  ]  No samples found: interop
[2025-07-30 10:33:53,201] multiqc                                            [INFO   ]  Compressing plot data
[2025-07-30 10:33:53,244] multiqc                                            [INFO   ]  Report      : multiqc_report.html
[2025-07-30 10:33:53,244] multiqc                                            [INFO   ]  Data        : multiqc_data
[2025-07-30 10:33:53,244] multiqc                                            [DEBUG  ]  Moving data file from '/tmp/tmpdCfv5Q/multiqc_data/multiqc_data.json' to '/home/aigul_sharip/EPAM/Bioinformatics/Nextflow_training/training/nf-training/work/19/377331309680d8919ad17a45cabc0e/multiqc_data'
[2025-07-30 10:33:53,245] multiqc                                            [DEBUG  ]  Moving data file from '/tmp/tmpdCfv5Q/multiqc_data/multiqc_sources.txt' to '/home/aigul_sharip/EPAM/Bioinformatics/Nextflow_training/training/nf-training/work/19/377331309680d8919ad17a45cabc0e/multiqc_data'
[2025-07-30 10:33:53,246] multiqc                                            [DEBUG  ]  Moving data file from '/tmp/tmpdCfv5Q/multiqc_data/multiqc_salmon.txt' to '/home/aigul_sharip/EPAM/Bioinformatics/Nextflow_training/training/nf-training/work/19/377331309680d8919ad17a45cabc0e/multiqc_data'
[2025-07-30 10:33:53,246] multiqc                                            [DEBUG  ]  Moving data file from '/tmp/tmpdCfv5Q/multiqc_data/multiqc_general_stats.txt' to '/home/aigul_sharip/EPAM/Bioinformatics/Nextflow_training/training/nf-training/work/19/377331309680d8919ad17a45cabc0e/multiqc_data'
[2025-07-30 10:33:53,346] multiqc                                            [INFO   ]  MultiQC complete
