[2025-07-30 10:57:22,179] multiqc                                            [DEBUG  ]  No MultiQC config found: /opt/conda/lib/python2.7/site-packages/multiqc_config.yaml
[2025-07-30 10:57:22,179] multiqc                                            [DEBUG  ]  No MultiQC config found: /.multiqc_config.yaml
[2025-07-30 10:57:22,179] multiqc                                            [DEBUG  ]  No MultiQC config found: multiqc_config.yaml
[2025-07-30 10:57:22,179] multiqc                                            [DEBUG  ]  Command used: /opt/conda/bin/multiqc .
[2025-07-30 10:57:23,529] multiqc                                            [WARNING]  MultiQC Version v1.30 now available!
[2025-07-30 10:57:23,529] multiqc                                            [INFO   ]  This is MultiQC v1.5.dev0
[2025-07-30 10:57:23,529] multiqc                                            [DEBUG  ]  Command     : /opt/conda/bin/multiqc .
[2025-07-30 10:57:23,529] multiqc                                            [DEBUG  ]  Working dir : /home/aigul_sharip/EPAM/Bioinformatics/Nextflow_training/training/nf-training/work/16/08ba17b962b27d94505c91d2483f06
[2025-07-30 10:57:23,529] multiqc                                            [INFO   ]  Template    : default
[2025-07-30 10:57:23,529] multiqc                                            [INFO   ]  Searching '.'
[2025-07-30 10:57:23,529] multiqc                                            [DEBUG  ]  Analysing modules: afterqc, custom_content, conpair, peddy, methylQA, qualimap, preseq, quast, qorts, rna_seqc, rsem, rseqc, busco, goleft_indexcov, disambiguate, supernova, deeptools, sargasso, verifybamid, homer, macs2, theta2, snpeff, gatk, htseq, bcftools, featureCounts, picard, prokka, samblaster, samtools, bamtools, jellyfish, vcftools, bbmap, bismark, hicexplorer, hicup, salmon, kallisto, slamdunk, star, hisat2, tophat, bowtie2, bowtie1, leehom, adapterRemoval, cutadapt, flexbar, trimmomatic, skewer, sortmerna, biobloomtools, fastq_screen, fastqc, clusterflow, bcl2fastq, interop
[2025-07-30 10:57:23,529] multiqc                                            [DEBUG  ]  Using temporary directory for creating report: /tmp/tmp45LLqp
[2025-07-30 10:57:23,606] multiqc                                            [DEBUG  ]  Ignoring file as matched an ignore pattern: gut_1_fastqc.html
[2025-07-30 10:57:23,607] multiqc                                            [DEBUG  ]  Ignoring file as matched an ignore pattern: gut_2_fastqc.html
[2025-07-30 10:57:23,906] multiqc                                            [DEBUG  ]  No samples found: afterqc
[2025-07-30 10:57:23,908] multiqc                                            [DEBUG  ]  No samples found: custom_content
[2025-07-30 10:57:23,910] multiqc                                            [DEBUG  ]  No samples found: conpair
[2025-07-30 10:57:23,912] multiqc                                            [DEBUG  ]  No samples found: peddy
[2025-07-30 10:57:23,914] multiqc                                            [DEBUG  ]  No samples found: methylQA
[2025-07-30 10:57:23,916] multiqc                                            [DEBUG  ]  No samples found: qualimap
[2025-07-30 10:57:23,918] multiqc                                            [DEBUG  ]  No samples found: preseq
[2025-07-30 10:57:23,920] multiqc                                            [DEBUG  ]  No samples found: quast
[2025-07-30 10:57:23,922] multiqc                                            [DEBUG  ]  No samples found: qorts
[2025-07-30 10:57:23,924] multiqc                                            [DEBUG  ]  No samples found: rna_seqc
[2025-07-30 10:57:23,926] multiqc                                            [DEBUG  ]  No samples found: rsem
[2025-07-30 10:57:23,928] multiqc                                            [DEBUG  ]  No samples found: rseqc
[2025-07-30 10:57:23,930] multiqc                                            [DEBUG  ]  No samples found: busco
[2025-07-30 10:57:23,932] multiqc                                            [DEBUG  ]  No samples found: goleft_indexcov
[2025-07-30 10:57:23,934] multiqc                                            [DEBUG  ]  No samples found: disambiguate
[2025-07-30 10:57:23,936] multiqc                                            [DEBUG  ]  No samples found: supernova
[2025-07-30 10:57:23,938] multiqc                                            [DEBUG  ]  No samples found: deeptools
[2025-07-30 10:57:23,940] multiqc                                            [DEBUG  ]  No samples found: sargasso
[2025-07-30 10:57:23,942] multiqc                                            [DEBUG  ]  No samples found: verifybamid
[2025-07-30 10:57:23,944] multiqc                                            [DEBUG  ]  No samples found: homer
[2025-07-30 10:57:23,946] multiqc                                            [DEBUG  ]  No samples found: macs2
[2025-07-30 10:57:23,948] multiqc                                            [DEBUG  ]  No samples found: theta2
[2025-07-30 10:57:23,950] multiqc                                            [DEBUG  ]  No samples found: snpeff
[2025-07-30 10:57:23,952] multiqc                                            [DEBUG  ]  No samples found: gatk
[2025-07-30 10:57:23,954] multiqc                                            [DEBUG  ]  No samples found: htseq
[2025-07-30 10:57:23,956] multiqc                                            [DEBUG  ]  No samples found: bcftools
[2025-07-30 10:57:23,958] multiqc                                            [DEBUG  ]  No samples found: featureCounts
[2025-07-30 10:57:23,960] multiqc                                            [DEBUG  ]  No samples found: picard
[2025-07-30 10:57:23,962] multiqc                                            [DEBUG  ]  No samples found: prokka
[2025-07-30 10:57:23,964] multiqc                                            [DEBUG  ]  No samples found: samblaster
[2025-07-30 10:57:23,966] multiqc                                            [DEBUG  ]  No samples found: samtools
[2025-07-30 10:57:23,968] multiqc                                            [DEBUG  ]  No samples found: bamtools
[2025-07-30 10:57:23,970] multiqc                                            [DEBUG  ]  No samples found: jellyfish
[2025-07-30 10:57:23,972] multiqc                                            [DEBUG  ]  No samples found: vcftools
[2025-07-30 10:57:23,976] multiqc                                            [DEBUG  ]  No samples found: bbmap
[2025-07-30 10:57:23,978] multiqc                                            [DEBUG  ]  No samples found: bismark
[2025-07-30 10:57:23,980] multiqc                                            [DEBUG  ]  No samples found: hicexplorer
[2025-07-30 10:57:23,982] multiqc                                            [DEBUG  ]  No samples found: hicup
[2025-07-30 10:57:23,986] multiqc.modules.salmon.salmon                      [INFO   ]  Found 1 meta reports
[2025-07-30 10:57:23,986] multiqc.modules.salmon.salmon                      [INFO   ]  Found 1 fragment length distributions
[2025-07-30 10:57:23,991] multiqc                                            [DEBUG  ]  No samples found: kallisto
[2025-07-30 10:57:23,993] multiqc                                            [DEBUG  ]  No samples found: slamdunk
[2025-07-30 10:57:23,995] multiqc                                            [DEBUG  ]  No samples found: star
[2025-07-30 10:57:23,997] multiqc                                            [DEBUG  ]  No samples found: hisat2
[2025-07-30 10:57:23,999] multiqc                                            [DEBUG  ]  No samples found: tophat
[2025-07-30 10:57:24,001] multiqc                                            [DEBUG  ]  No samples found: bowtie2
[2025-07-30 10:57:24,003] multiqc                                            [DEBUG  ]  No samples found: bowtie1
[2025-07-30 10:57:24,005] multiqc                                            [DEBUG  ]  No samples found: leehom
[2025-07-30 10:57:24,007] multiqc                                            [DEBUG  ]  No samples found: adapterRemoval
[2025-07-30 10:57:24,009] multiqc                                            [DEBUG  ]  No samples found: cutadapt
[2025-07-30 10:57:24,011] multiqc                                            [DEBUG  ]  No samples found: flexbar
[2025-07-30 10:57:24,012] multiqc                                            [DEBUG  ]  No samples found: trimmomatic
[2025-07-30 10:57:24,014] multiqc                                            [DEBUG  ]  No samples found: skewer
[2025-07-30 10:57:24,016] multiqc                                            [DEBUG  ]  No samples found: sortmerna
[2025-07-30 10:57:24,018] multiqc                                            [DEBUG  ]  No samples found: biobloomtools
[2025-07-30 10:57:24,020] multiqc                                            [DEBUG  ]  No samples found: fastq_screen
[2025-07-30 10:57:24,033] multiqc.modules.fastqc.fastqc                      [INFO   ]  Found 2 reports
[2025-07-30 10:57:24,121] multiqc                                            [DEBUG  ]  No samples found: clusterflow
[2025-07-30 10:57:24,123] multiqc                                            [DEBUG  ]  No samples found: bcl2fastq
[2025-07-30 10:57:24,125] multiqc                                            [DEBUG  ]  No samples found: interop
[2025-07-30 10:57:24,127] multiqc                                            [INFO   ]  Compressing plot data
[2025-07-30 10:57:24,206] multiqc                                            [INFO   ]  Report      : multiqc_report.html
[2025-07-30 10:57:24,206] multiqc                                            [INFO   ]  Data        : multiqc_data
[2025-07-30 10:57:24,206] multiqc                                            [DEBUG  ]  Moving data file from '/tmp/tmp45LLqp/multiqc_data/multiqc_data.json' to '/home/aigul_sharip/EPAM/Bioinformatics/Nextflow_training/training/nf-training/work/16/08ba17b962b27d94505c91d2483f06/multiqc_data'
[2025-07-30 10:57:24,206] multiqc                                            [DEBUG  ]  Moving data file from '/tmp/tmp45LLqp/multiqc_data/multiqc_fastqc.txt' to '/home/aigul_sharip/EPAM/Bioinformatics/Nextflow_training/training/nf-training/work/16/08ba17b962b27d94505c91d2483f06/multiqc_data'
[2025-07-30 10:57:24,207] multiqc                                            [DEBUG  ]  Moving data file from '/tmp/tmp45LLqp/multiqc_data/multiqc_sources.txt' to '/home/aigul_sharip/EPAM/Bioinformatics/Nextflow_training/training/nf-training/work/16/08ba17b962b27d94505c91d2483f06/multiqc_data'
[2025-07-30 10:57:24,207] multiqc                                            [DEBUG  ]  Moving data file from '/tmp/tmp45LLqp/multiqc_data/multiqc_salmon.txt' to '/home/aigul_sharip/EPAM/Bioinformatics/Nextflow_training/training/nf-training/work/16/08ba17b962b27d94505c91d2483f06/multiqc_data'
[2025-07-30 10:57:24,207] multiqc                                            [DEBUG  ]  Moving data file from '/tmp/tmp45LLqp/multiqc_data/multiqc_general_stats.txt' to '/home/aigul_sharip/EPAM/Bioinformatics/Nextflow_training/training/nf-training/work/16/08ba17b962b27d94505c91d2483f06/multiqc_data'
[2025-07-30 10:57:24,273] multiqc                                            [INFO   ]  MultiQC complete
