[2025-07-30 10:33:50,999] multiqc                                            [DEBUG  ]  No MultiQC config found: /opt/conda/lib/python2.7/site-packages/multiqc_config.yaml
[2025-07-30 10:33:50,999] multiqc                                            [DEBUG  ]  No MultiQC config found: /.multiqc_config.yaml
[2025-07-30 10:33:50,999] multiqc                                            [DEBUG  ]  No MultiQC config found: multiqc_config.yaml
[2025-07-30 10:33:50,999] multiqc                                            [DEBUG  ]  Command used: /opt/conda/bin/multiqc .
[2025-07-30 10:33:52,248] multiqc                                            [WARNING]  MultiQC Version v1.30 now available!
[2025-07-30 10:33:52,248] multiqc                                            [INFO   ]  This is MultiQC v1.5.dev0
[2025-07-30 10:33:52,249] multiqc                                            [DEBUG  ]  Command     : /opt/conda/bin/multiqc .
[2025-07-30 10:33:52,249] multiqc                                            [DEBUG  ]  Working dir : /home/aigul_sharip/EPAM/Bioinformatics/Nextflow_training/training/nf-training/work/18/f7158129f7f3f8d4a0c6441a8329b7
[2025-07-30 10:33:52,249] multiqc                                            [INFO   ]  Template    : default
[2025-07-30 10:33:52,249] multiqc                                            [INFO   ]  Searching '.'
[2025-07-30 10:33:52,249] multiqc                                            [DEBUG  ]  Analysing modules: afterqc, custom_content, conpair, peddy, methylQA, qualimap, preseq, quast, qorts, rna_seqc, rsem, rseqc, busco, goleft_indexcov, disambiguate, supernova, deeptools, sargasso, verifybamid, homer, macs2, theta2, snpeff, gatk, htseq, bcftools, featureCounts, picard, prokka, samblaster, samtools, bamtools, jellyfish, vcftools, bbmap, bismark, hicexplorer, hicup, salmon, kallisto, slamdunk, star, hisat2, tophat, bowtie2, bowtie1, leehom, adapterRemoval, cutadapt, flexbar, trimmomatic, skewer, sortmerna, biobloomtools, fastq_screen, fastqc, clusterflow, bcl2fastq, interop
[2025-07-30 10:33:52,249] multiqc                                            [DEBUG  ]  Using temporary directory for creating report: /tmp/tmpGQVpwO
[2025-07-30 10:33:52,958] multiqc                                            [DEBUG  ]  No samples found: afterqc
[2025-07-30 10:33:52,963] multiqc                                            [DEBUG  ]  No samples found: custom_content
[2025-07-30 10:33:52,968] multiqc                                            [DEBUG  ]  No samples found: conpair
[2025-07-30 10:33:52,970] multiqc                                            [DEBUG  ]  No samples found: peddy
[2025-07-30 10:33:52,973] multiqc                                            [DEBUG  ]  No samples found: methylQA
[2025-07-30 10:33:52,976] multiqc                                            [DEBUG  ]  No samples found: qualimap
[2025-07-30 10:33:52,979] multiqc                                            [DEBUG  ]  No samples found: preseq
[2025-07-30 10:33:52,981] multiqc                                            [DEBUG  ]  No samples found: quast
[2025-07-30 10:33:52,984] multiqc                                            [DEBUG  ]  No samples found: qorts
[2025-07-30 10:33:52,989] multiqc                                            [DEBUG  ]  No samples found: rna_seqc
[2025-07-30 10:33:52,993] multiqc                                            [DEBUG  ]  No samples found: rsem
[2025-07-30 10:33:52,999] multiqc                                            [DEBUG  ]  No samples found: rseqc
[2025-07-30 10:33:53,004] multiqc                                            [DEBUG  ]  No samples found: busco
[2025-07-30 10:33:53,009] multiqc                                            [DEBUG  ]  No samples found: goleft_indexcov
[2025-07-30 10:33:53,014] multiqc                                            [DEBUG  ]  No samples found: disambiguate
[2025-07-30 10:33:53,019] multiqc                                            [DEBUG  ]  No samples found: supernova
[2025-07-30 10:33:53,025] multiqc                                            [DEBUG  ]  No samples found: deeptools
[2025-07-30 10:33:53,029] multiqc                                            [DEBUG  ]  No samples found: sargasso
[2025-07-30 10:33:53,034] multiqc                                            [DEBUG  ]  No samples found: verifybamid
[2025-07-30 10:33:53,040] multiqc                                            [DEBUG  ]  No samples found: homer
[2025-07-30 10:33:53,045] multiqc                                            [DEBUG  ]  No samples found: macs2
[2025-07-30 10:33:53,050] multiqc                                            [DEBUG  ]  No samples found: theta2
[2025-07-30 10:33:53,055] multiqc                                            [DEBUG  ]  No samples found: snpeff
[2025-07-30 10:33:53,060] multiqc                                            [DEBUG  ]  No samples found: gatk
[2025-07-30 10:33:53,065] multiqc                                            [DEBUG  ]  No samples found: htseq
[2025-07-30 10:33:53,070] multiqc                                            [DEBUG  ]  No samples found: bcftools
[2025-07-30 10:33:53,075] multiqc                                            [DEBUG  ]  No samples found: featureCounts
[2025-07-30 10:33:53,081] multiqc                                            [DEBUG  ]  No samples found: picard
[2025-07-30 10:33:53,085] multiqc                                            [DEBUG  ]  No samples found: prokka
[2025-07-30 10:33:53,090] multiqc                                            [DEBUG  ]  No samples found: samblaster
[2025-07-30 10:33:53,095] multiqc                                            [DEBUG  ]  No samples found: samtools
[2025-07-30 10:33:53,100] multiqc                                            [DEBUG  ]  No samples found: bamtools
[2025-07-30 10:33:53,105] multiqc                                            [DEBUG  ]  No samples found: jellyfish
[2025-07-30 10:33:53,110] multiqc                                            [DEBUG  ]  No samples found: vcftools
[2025-07-30 10:33:53,116] multiqc                                            [DEBUG  ]  No samples found: bbmap
[2025-07-30 10:33:53,121] multiqc                                            [DEBUG  ]  No samples found: bismark
[2025-07-30 10:33:53,126] multiqc                                            [DEBUG  ]  No samples found: hicexplorer
[2025-07-30 10:33:53,131] multiqc                                            [DEBUG  ]  No samples found: hicup
[2025-07-30 10:33:53,141] multiqc.modules.salmon.salmon                      [INFO   ]  Found 1 meta reports
[2025-07-30 10:33:53,142] multiqc.modules.salmon.salmon                      [INFO   ]  Found 1 fragment length distributions
[2025-07-30 10:33:53,153] multiqc                                            [DEBUG  ]  No samples found: kallisto
[2025-07-30 10:33:53,158] multiqc                                            [DEBUG  ]  No samples found: slamdunk
[2025-07-30 10:33:53,163] multiqc                                            [DEBUG  ]  No samples found: star
[2025-07-30 10:33:53,168] multiqc                                            [DEBUG  ]  No samples found: hisat2
[2025-07-30 10:33:53,172] multiqc                                            [DEBUG  ]  No samples found: tophat
[2025-07-30 10:33:53,177] multiqc                                            [DEBUG  ]  No samples found: bowtie2
[2025-07-30 10:33:53,182] multiqc                                            [DEBUG  ]  No samples found: bowtie1
[2025-07-30 10:33:53,186] multiqc                                            [DEBUG  ]  No samples found: leehom
[2025-07-30 10:33:53,191] multiqc                                            [DEBUG  ]  No samples found: adapterRemoval
[2025-07-30 10:33:53,196] multiqc                                            [DEBUG  ]  No samples found: cutadapt
[2025-07-30 10:33:53,200] multiqc                                            [DEBUG  ]  No samples found: flexbar
[2025-07-30 10:33:53,204] multiqc                                            [DEBUG  ]  No samples found: trimmomatic
[2025-07-30 10:33:53,209] multiqc                                            [DEBUG  ]  No samples found: skewer
[2025-07-30 10:33:53,214] multiqc                                            [DEBUG  ]  No samples found: sortmerna
[2025-07-30 10:33:53,219] multiqc                                            [DEBUG  ]  No samples found: biobloomtools
[2025-07-30 10:33:53,224] multiqc                                            [DEBUG  ]  No samples found: fastq_screen
[2025-07-30 10:33:53,229] multiqc                                            [DEBUG  ]  No samples found: fastqc
[2025-07-30 10:33:53,236] multiqc                                            [DEBUG  ]  No samples found: clusterflow
[2025-07-30 10:33:53,241] multiqc                                            [DEBUG  ]  No samples found: bcl2fastq
[2025-07-30 10:33:53,246] multiqc                                            [DEBUG  ]  No samples found: interop
[2025-07-30 10:33:53,248] multiqc                                            [INFO   ]  Compressing plot data
[2025-07-30 10:33:53,299] multiqc                                            [INFO   ]  Report      : multiqc_report.html
[2025-07-30 10:33:53,299] multiqc                                            [INFO   ]  Data        : multiqc_data
[2025-07-30 10:33:53,299] multiqc                                            [DEBUG  ]  Moving data file from '/tmp/tmpGQVpwO/multiqc_data/multiqc_data.json' to '/home/aigul_sharip/EPAM/Bioinformatics/Nextflow_training/training/nf-training/work/18/f7158129f7f3f8d4a0c6441a8329b7/multiqc_data'
[2025-07-30 10:33:53,300] multiqc                                            [DEBUG  ]  Moving data file from '/tmp/tmpGQVpwO/multiqc_data/multiqc_sources.txt' to '/home/aigul_sharip/EPAM/Bioinformatics/Nextflow_training/training/nf-training/work/18/f7158129f7f3f8d4a0c6441a8329b7/multiqc_data'
[2025-07-30 10:33:53,301] multiqc                                            [DEBUG  ]  Moving data file from '/tmp/tmpGQVpwO/multiqc_data/multiqc_salmon.txt' to '/home/aigul_sharip/EPAM/Bioinformatics/Nextflow_training/training/nf-training/work/18/f7158129f7f3f8d4a0c6441a8329b7/multiqc_data'
[2025-07-30 10:33:53,301] multiqc                                            [DEBUG  ]  Moving data file from '/tmp/tmpGQVpwO/multiqc_data/multiqc_general_stats.txt' to '/home/aigul_sharip/EPAM/Bioinformatics/Nextflow_training/training/nf-training/work/18/f7158129f7f3f8d4a0c6441a8329b7/multiqc_data'
[2025-07-30 10:33:53,452] multiqc                                            [INFO   ]  MultiQC complete
