[2025-07-30 10:33:51,061] multiqc                                            [DEBUG  ]  No MultiQC config found: /opt/conda/lib/python2.7/site-packages/multiqc_config.yaml
[2025-07-30 10:33:51,061] multiqc                                            [DEBUG  ]  No MultiQC config found: /.multiqc_config.yaml
[2025-07-30 10:33:51,062] multiqc                                            [DEBUG  ]  No MultiQC config found: multiqc_config.yaml
[2025-07-30 10:33:51,062] multiqc                                            [DEBUG  ]  Command used: /opt/conda/bin/multiqc .
[2025-07-30 10:33:52,315] multiqc                                            [WARNING]  MultiQC Version v1.30 now available!
[2025-07-30 10:33:52,315] multiqc                                            [INFO   ]  This is MultiQC v1.5.dev0
[2025-07-30 10:33:52,315] multiqc                                            [DEBUG  ]  Command     : /opt/conda/bin/multiqc .
[2025-07-30 10:33:52,315] multiqc                                            [DEBUG  ]  Working dir : /home/aigul_sharip/EPAM/Bioinformatics/Nextflow_training/training/nf-training/work/53/f2936b26c67b20835cf3ff493b4b38
[2025-07-30 10:33:52,315] multiqc                                            [INFO   ]  Template    : default
[2025-07-30 10:33:52,315] multiqc                                            [INFO   ]  Searching '.'
[2025-07-30 10:33:52,316] multiqc                                            [DEBUG  ]  Analysing modules: afterqc, custom_content, conpair, peddy, methylQA, qualimap, preseq, quast, qorts, rna_seqc, rsem, rseqc, busco, goleft_indexcov, disambiguate, supernova, deeptools, sargasso, verifybamid, homer, macs2, theta2, snpeff, gatk, htseq, bcftools, featureCounts, picard, prokka, samblaster, samtools, bamtools, jellyfish, vcftools, bbmap, bismark, hicexplorer, hicup, salmon, kallisto, slamdunk, star, hisat2, tophat, bowtie2, bowtie1, leehom, adapterRemoval, cutadapt, flexbar, trimmomatic, skewer, sortmerna, biobloomtools, fastq_screen, fastqc, clusterflow, bcl2fastq, interop
[2025-07-30 10:33:52,316] multiqc                                            [DEBUG  ]  Using temporary directory for creating report: /tmp/tmpYHoyCo
[2025-07-30 10:33:52,411] multiqc                                            [DEBUG  ]  Ignoring file as matched an ignore pattern: liver_2_fastqc.html
[2025-07-30 10:33:52,411] multiqc                                            [DEBUG  ]  Ignoring file as matched an ignore pattern: liver_1_fastqc.html
[2025-07-30 10:33:53,051] multiqc                                            [DEBUG  ]  No samples found: afterqc
[2025-07-30 10:33:53,054] multiqc                                            [DEBUG  ]  No samples found: custom_content
[2025-07-30 10:33:53,057] multiqc                                            [DEBUG  ]  No samples found: conpair
[2025-07-30 10:33:53,059] multiqc                                            [DEBUG  ]  No samples found: peddy
[2025-07-30 10:33:53,062] multiqc                                            [DEBUG  ]  No samples found: methylQA
[2025-07-30 10:33:53,065] multiqc                                            [DEBUG  ]  No samples found: qualimap
[2025-07-30 10:33:53,068] multiqc                                            [DEBUG  ]  No samples found: preseq
[2025-07-30 10:33:53,070] multiqc                                            [DEBUG  ]  No samples found: quast
[2025-07-30 10:33:53,073] multiqc                                            [DEBUG  ]  No samples found: qorts
[2025-07-30 10:33:53,076] multiqc                                            [DEBUG  ]  No samples found: rna_seqc
[2025-07-30 10:33:53,078] multiqc                                            [DEBUG  ]  No samples found: rsem
[2025-07-30 10:33:53,082] multiqc                                            [DEBUG  ]  No samples found: rseqc
[2025-07-30 10:33:53,084] multiqc                                            [DEBUG  ]  No samples found: busco
[2025-07-30 10:33:53,087] multiqc                                            [DEBUG  ]  No samples found: goleft_indexcov
[2025-07-30 10:33:53,090] multiqc                                            [DEBUG  ]  No samples found: disambiguate
[2025-07-30 10:33:53,093] multiqc                                            [DEBUG  ]  No samples found: supernova
[2025-07-30 10:33:53,096] multiqc                                            [DEBUG  ]  No samples found: deeptools
[2025-07-30 10:33:53,098] multiqc                                            [DEBUG  ]  No samples found: sargasso
[2025-07-30 10:33:53,101] multiqc                                            [DEBUG  ]  No samples found: verifybamid
[2025-07-30 10:33:53,104] multiqc                                            [DEBUG  ]  No samples found: homer
[2025-07-30 10:33:53,107] multiqc                                            [DEBUG  ]  No samples found: macs2
[2025-07-30 10:33:53,109] multiqc                                            [DEBUG  ]  No samples found: theta2
[2025-07-30 10:33:53,112] multiqc                                            [DEBUG  ]  No samples found: snpeff
[2025-07-30 10:33:53,115] multiqc                                            [DEBUG  ]  No samples found: gatk
[2025-07-30 10:33:53,118] multiqc                                            [DEBUG  ]  No samples found: htseq
[2025-07-30 10:33:53,121] multiqc                                            [DEBUG  ]  No samples found: bcftools
[2025-07-30 10:33:53,123] multiqc                                            [DEBUG  ]  No samples found: featureCounts
[2025-07-30 10:33:53,127] multiqc                                            [DEBUG  ]  No samples found: picard
[2025-07-30 10:33:53,129] multiqc                                            [DEBUG  ]  No samples found: prokka
[2025-07-30 10:33:53,132] multiqc                                            [DEBUG  ]  No samples found: samblaster
[2025-07-30 10:33:53,135] multiqc                                            [DEBUG  ]  No samples found: samtools
[2025-07-30 10:33:53,138] multiqc                                            [DEBUG  ]  No samples found: bamtools
[2025-07-30 10:33:53,141] multiqc                                            [DEBUG  ]  No samples found: jellyfish
[2025-07-30 10:33:53,144] multiqc                                            [DEBUG  ]  No samples found: vcftools
[2025-07-30 10:33:53,148] multiqc                                            [DEBUG  ]  No samples found: bbmap
[2025-07-30 10:33:53,151] multiqc                                            [DEBUG  ]  No samples found: bismark
[2025-07-30 10:33:53,154] multiqc                                            [DEBUG  ]  No samples found: hicexplorer
[2025-07-30 10:33:53,156] multiqc                                            [DEBUG  ]  No samples found: hicup
[2025-07-30 10:33:53,159] multiqc                                            [DEBUG  ]  No samples found: salmon
[2025-07-30 10:33:53,162] multiqc                                            [DEBUG  ]  No samples found: kallisto
[2025-07-30 10:33:53,164] multiqc                                            [DEBUG  ]  No samples found: slamdunk
[2025-07-30 10:33:53,167] multiqc                                            [DEBUG  ]  No samples found: star
[2025-07-30 10:33:53,170] multiqc                                            [DEBUG  ]  No samples found: hisat2
[2025-07-30 10:33:53,172] multiqc                                            [DEBUG  ]  No samples found: tophat
[2025-07-30 10:33:53,175] multiqc                                            [DEBUG  ]  No samples found: bowtie2
[2025-07-30 10:33:53,178] multiqc                                            [DEBUG  ]  No samples found: bowtie1
[2025-07-30 10:33:53,180] multiqc                                            [DEBUG  ]  No samples found: leehom
[2025-07-30 10:33:53,183] multiqc                                            [DEBUG  ]  No samples found: adapterRemoval
[2025-07-30 10:33:53,187] multiqc                                            [DEBUG  ]  No samples found: cutadapt
[2025-07-30 10:33:53,189] multiqc                                            [DEBUG  ]  No samples found: flexbar
[2025-07-30 10:33:53,192] multiqc                                            [DEBUG  ]  No samples found: trimmomatic
[2025-07-30 10:33:53,195] multiqc                                            [DEBUG  ]  No samples found: skewer
[2025-07-30 10:33:53,197] multiqc                                            [DEBUG  ]  No samples found: sortmerna
[2025-07-30 10:33:53,200] multiqc                                            [DEBUG  ]  No samples found: biobloomtools
[2025-07-30 10:33:53,203] multiqc                                            [DEBUG  ]  No samples found: fastq_screen
[2025-07-30 10:33:53,221] multiqc.modules.fastqc.fastqc                      [INFO   ]  Found 2 reports
[2025-07-30 10:33:53,339] multiqc                                            [DEBUG  ]  No samples found: clusterflow
[2025-07-30 10:33:53,342] multiqc                                            [DEBUG  ]  No samples found: bcl2fastq
[2025-07-30 10:33:53,345] multiqc                                            [DEBUG  ]  No samples found: interop
[2025-07-30 10:33:53,349] multiqc                                            [INFO   ]  Compressing plot data
[2025-07-30 10:33:53,450] multiqc                                            [INFO   ]  Report      : multiqc_report.html
[2025-07-30 10:33:53,451] multiqc                                            [INFO   ]  Data        : multiqc_data
[2025-07-30 10:33:53,451] multiqc                                            [DEBUG  ]  Moving data file from '/tmp/tmpYHoyCo/multiqc_data/multiqc_data.json' to '/home/aigul_sharip/EPAM/Bioinformatics/Nextflow_training/training/nf-training/work/53/f2936b26c67b20835cf3ff493b4b38/multiqc_data'
[2025-07-30 10:33:53,452] multiqc                                            [DEBUG  ]  Moving data file from '/tmp/tmpYHoyCo/multiqc_data/multiqc_fastqc.txt' to '/home/aigul_sharip/EPAM/Bioinformatics/Nextflow_training/training/nf-training/work/53/f2936b26c67b20835cf3ff493b4b38/multiqc_data'
[2025-07-30 10:33:53,452] multiqc                                            [DEBUG  ]  Moving data file from '/tmp/tmpYHoyCo/multiqc_data/multiqc_sources.txt' to '/home/aigul_sharip/EPAM/Bioinformatics/Nextflow_training/training/nf-training/work/53/f2936b26c67b20835cf3ff493b4b38/multiqc_data'
[2025-07-30 10:33:53,452] multiqc                                            [DEBUG  ]  Moving data file from '/tmp/tmpYHoyCo/multiqc_data/multiqc_general_stats.txt' to '/home/aigul_sharip/EPAM/Bioinformatics/Nextflow_training/training/nf-training/work/53/f2936b26c67b20835cf3ff493b4b38/multiqc_data'
[2025-07-30 10:33:53,594] multiqc                                            [INFO   ]  MultiQC complete
