[2025-07-30 10:30:24,423] multiqc                                            [DEBUG  ]  No MultiQC config found: /opt/conda/lib/python2.7/site-packages/multiqc_config.yaml
[2025-07-30 10:30:24,423] multiqc                                            [DEBUG  ]  No MultiQC config found: /.multiqc_config.yaml
[2025-07-30 10:30:24,423] multiqc                                            [DEBUG  ]  No MultiQC config found: multiqc_config.yaml
[2025-07-30 10:30:24,423] multiqc                                            [DEBUG  ]  Command used: /opt/conda/bin/multiqc .
[2025-07-30 10:30:26,066] multiqc                                            [WARNING]  MultiQC Version v1.30 now available!
[2025-07-30 10:30:26,066] multiqc                                            [INFO   ]  This is MultiQC v1.5.dev0
[2025-07-30 10:30:26,066] multiqc                                            [DEBUG  ]  Command     : /opt/conda/bin/multiqc .
[2025-07-30 10:30:26,066] multiqc                                            [DEBUG  ]  Working dir : /home/aigul_sharip/EPAM/Bioinformatics/Nextflow_training/training/nf-training/work/67/fb2d7c56bb8145c4e91f1b847a7020
[2025-07-30 10:30:26,066] multiqc                                            [INFO   ]  Template    : default
[2025-07-30 10:30:26,066] multiqc                                            [INFO   ]  Searching '.'
[2025-07-30 10:30:26,067] multiqc                                            [DEBUG  ]  Analysing modules: afterqc, custom_content, conpair, peddy, methylQA, qualimap, preseq, quast, qorts, rna_seqc, rsem, rseqc, busco, goleft_indexcov, disambiguate, supernova, deeptools, sargasso, verifybamid, homer, macs2, theta2, snpeff, gatk, htseq, bcftools, featureCounts, picard, prokka, samblaster, samtools, bamtools, jellyfish, vcftools, bbmap, bismark, hicexplorer, hicup, salmon, kallisto, slamdunk, star, hisat2, tophat, bowtie2, bowtie1, leehom, adapterRemoval, cutadapt, flexbar, trimmomatic, skewer, sortmerna, biobloomtools, fastq_screen, fastqc, clusterflow, bcl2fastq, interop
[2025-07-30 10:30:26,067] multiqc                                            [DEBUG  ]  Using temporary directory for creating report: /tmp/tmpiF6Wey
[2025-07-30 10:30:26,162] multiqc                                            [DEBUG  ]  Ignoring file as matched an ignore pattern: liver_2_fastqc.html
[2025-07-30 10:30:26,162] multiqc                                            [DEBUG  ]  Ignoring file as matched an ignore pattern: liver_1_fastqc.html
[2025-07-30 10:30:26,188] multiqc                                            [DEBUG  ]  Ignoring file as matched an ignore pattern: gut_1_fastqc.html
[2025-07-30 10:30:26,188] multiqc                                            [DEBUG  ]  Ignoring file as matched an ignore pattern: gut_2_fastqc.html
[2025-07-30 10:30:26,212] multiqc                                            [DEBUG  ]  Ignoring file as matched an ignore pattern: lung_2_fastqc.html
[2025-07-30 10:30:26,212] multiqc                                            [DEBUG  ]  Ignoring file as matched an ignore pattern: lung_1_fastqc.html
[2025-07-30 10:30:26,546] multiqc                                            [DEBUG  ]  No samples found: afterqc
[2025-07-30 10:30:26,549] multiqc                                            [DEBUG  ]  No samples found: custom_content
[2025-07-30 10:30:26,552] multiqc                                            [DEBUG  ]  No samples found: conpair
[2025-07-30 10:30:26,554] multiqc                                            [DEBUG  ]  No samples found: peddy
[2025-07-30 10:30:26,556] multiqc                                            [DEBUG  ]  No samples found: methylQA
[2025-07-30 10:30:26,558] multiqc                                            [DEBUG  ]  No samples found: qualimap
[2025-07-30 10:30:26,560] multiqc                                            [DEBUG  ]  No samples found: preseq
[2025-07-30 10:30:26,562] multiqc                                            [DEBUG  ]  No samples found: quast
[2025-07-30 10:30:26,564] multiqc                                            [DEBUG  ]  No samples found: qorts
[2025-07-30 10:30:26,566] multiqc                                            [DEBUG  ]  No samples found: rna_seqc
[2025-07-30 10:30:26,569] multiqc                                            [DEBUG  ]  No samples found: rsem
[2025-07-30 10:30:26,572] multiqc                                            [DEBUG  ]  No samples found: rseqc
[2025-07-30 10:30:26,574] multiqc                                            [DEBUG  ]  No samples found: busco
[2025-07-30 10:30:26,576] multiqc                                            [DEBUG  ]  No samples found: goleft_indexcov
[2025-07-30 10:30:26,578] multiqc                                            [DEBUG  ]  No samples found: disambiguate
[2025-07-30 10:30:26,580] multiqc                                            [DEBUG  ]  No samples found: supernova
[2025-07-30 10:30:26,582] multiqc                                            [DEBUG  ]  No samples found: deeptools
[2025-07-30 10:30:26,584] multiqc                                            [DEBUG  ]  No samples found: sargasso
[2025-07-30 10:30:26,587] multiqc                                            [DEBUG  ]  No samples found: verifybamid
[2025-07-30 10:30:26,590] multiqc                                            [DEBUG  ]  No samples found: homer
[2025-07-30 10:30:26,592] multiqc                                            [DEBUG  ]  No samples found: macs2
[2025-07-30 10:30:26,594] multiqc                                            [DEBUG  ]  No samples found: theta2
[2025-07-30 10:30:26,595] multiqc                                            [DEBUG  ]  No samples found: snpeff
[2025-07-30 10:30:26,598] multiqc                                            [DEBUG  ]  No samples found: gatk
[2025-07-30 10:30:26,600] multiqc                                            [DEBUG  ]  No samples found: htseq
[2025-07-30 10:30:26,602] multiqc                                            [DEBUG  ]  No samples found: bcftools
[2025-07-30 10:30:26,604] multiqc                                            [DEBUG  ]  No samples found: featureCounts
[2025-07-30 10:30:26,607] multiqc                                            [DEBUG  ]  No samples found: picard
[2025-07-30 10:30:26,608] multiqc                                            [DEBUG  ]  No samples found: prokka
[2025-07-30 10:30:26,610] multiqc                                            [DEBUG  ]  No samples found: samblaster
[2025-07-30 10:30:26,612] multiqc                                            [DEBUG  ]  No samples found: samtools
[2025-07-30 10:30:26,614] multiqc                                            [DEBUG  ]  No samples found: bamtools
[2025-07-30 10:30:26,616] multiqc                                            [DEBUG  ]  No samples found: jellyfish
[2025-07-30 10:30:26,618] multiqc                                            [DEBUG  ]  No samples found: vcftools
[2025-07-30 10:30:26,621] multiqc                                            [DEBUG  ]  No samples found: bbmap
[2025-07-30 10:30:26,623] multiqc                                            [DEBUG  ]  No samples found: bismark
[2025-07-30 10:30:26,625] multiqc                                            [DEBUG  ]  No samples found: hicexplorer
[2025-07-30 10:30:26,627] multiqc                                            [DEBUG  ]  No samples found: hicup
[2025-07-30 10:30:26,635] multiqc.modules.salmon.salmon                      [INFO   ]  Found 3 meta reports
[2025-07-30 10:30:26,636] multiqc.modules.salmon.salmon                      [INFO   ]  Found 3 fragment length distributions
[2025-07-30 10:30:26,642] multiqc                                            [DEBUG  ]  No samples found: kallisto
[2025-07-30 10:30:26,644] multiqc                                            [DEBUG  ]  No samples found: slamdunk
[2025-07-30 10:30:26,646] multiqc                                            [DEBUG  ]  No samples found: star
[2025-07-30 10:30:26,648] multiqc                                            [DEBUG  ]  No samples found: hisat2
[2025-07-30 10:30:26,650] multiqc                                            [DEBUG  ]  No samples found: tophat
[2025-07-30 10:30:26,652] multiqc                                            [DEBUG  ]  No samples found: bowtie2
[2025-07-30 10:30:26,654] multiqc                                            [DEBUG  ]  No samples found: bowtie1
[2025-07-30 10:30:26,655] multiqc                                            [DEBUG  ]  No samples found: leehom
[2025-07-30 10:30:26,657] multiqc                                            [DEBUG  ]  No samples found: adapterRemoval
[2025-07-30 10:30:26,659] multiqc                                            [DEBUG  ]  No samples found: cutadapt
[2025-07-30 10:30:26,661] multiqc                                            [DEBUG  ]  No samples found: flexbar
[2025-07-30 10:30:26,663] multiqc                                            [DEBUG  ]  No samples found: trimmomatic
[2025-07-30 10:30:26,665] multiqc                                            [DEBUG  ]  No samples found: skewer
[2025-07-30 10:30:26,667] multiqc                                            [DEBUG  ]  No samples found: sortmerna
[2025-07-30 10:30:26,669] multiqc                                            [DEBUG  ]  No samples found: biobloomtools
[2025-07-30 10:30:26,671] multiqc                                            [DEBUG  ]  No samples found: fastq_screen
[2025-07-30 10:30:26,703] multiqc.modules.fastqc.fastqc                      [INFO   ]  Found 6 reports
[2025-07-30 10:30:26,920] multiqc                                            [DEBUG  ]  No samples found: clusterflow
[2025-07-30 10:30:26,922] multiqc                                            [DEBUG  ]  No samples found: bcl2fastq
[2025-07-30 10:30:26,924] multiqc                                            [DEBUG  ]  No samples found: interop
[2025-07-30 10:30:26,929] multiqc                                            [INFO   ]  Compressing plot data
[2025-07-30 10:30:27,121] multiqc                                            [INFO   ]  Report      : multiqc_report.html
[2025-07-30 10:30:27,121] multiqc                                            [INFO   ]  Data        : multiqc_data
[2025-07-30 10:30:27,121] multiqc                                            [DEBUG  ]  Moving data file from '/tmp/tmpiF6Wey/multiqc_data/multiqc_data.json' to '/home/aigul_sharip/EPAM/Bioinformatics/Nextflow_training/training/nf-training/work/67/fb2d7c56bb8145c4e91f1b847a7020/multiqc_data'
[2025-07-30 10:30:27,123] multiqc                                            [DEBUG  ]  Moving data file from '/tmp/tmpiF6Wey/multiqc_data/multiqc_fastqc.txt' to '/home/aigul_sharip/EPAM/Bioinformatics/Nextflow_training/training/nf-training/work/67/fb2d7c56bb8145c4e91f1b847a7020/multiqc_data'
[2025-07-30 10:30:27,123] multiqc                                            [DEBUG  ]  Moving data file from '/tmp/tmpiF6Wey/multiqc_data/multiqc_sources.txt' to '/home/aigul_sharip/EPAM/Bioinformatics/Nextflow_training/training/nf-training/work/67/fb2d7c56bb8145c4e91f1b847a7020/multiqc_data'
[2025-07-30 10:30:27,123] multiqc                                            [DEBUG  ]  Moving data file from '/tmp/tmpiF6Wey/multiqc_data/multiqc_salmon.txt' to '/home/aigul_sharip/EPAM/Bioinformatics/Nextflow_training/training/nf-training/work/67/fb2d7c56bb8145c4e91f1b847a7020/multiqc_data'
[2025-07-30 10:30:27,123] multiqc                                            [DEBUG  ]  Moving data file from '/tmp/tmpiF6Wey/multiqc_data/multiqc_general_stats.txt' to '/home/aigul_sharip/EPAM/Bioinformatics/Nextflow_training/training/nf-training/work/67/fb2d7c56bb8145c4e91f1b847a7020/multiqc_data'
[2025-07-30 10:30:27,197] multiqc                                            [INFO   ]  MultiQC complete
