[2025-07-30 10:33:51,037] multiqc                                            [DEBUG  ]  No MultiQC config found: /opt/conda/lib/python2.7/site-packages/multiqc_config.yaml
[2025-07-30 10:33:51,038] multiqc                                            [DEBUG  ]  No MultiQC config found: /.multiqc_config.yaml
[2025-07-30 10:33:51,038] multiqc                                            [DEBUG  ]  No MultiQC config found: multiqc_config.yaml
[2025-07-30 10:33:51,038] multiqc                                            [DEBUG  ]  Command used: /opt/conda/bin/multiqc .
[2025-07-30 10:33:52,336] multiqc                                            [WARNING]  MultiQC Version v1.30 now available!
[2025-07-30 10:33:52,337] multiqc                                            [INFO   ]  This is MultiQC v1.5.dev0
[2025-07-30 10:33:52,337] multiqc                                            [DEBUG  ]  Command     : /opt/conda/bin/multiqc .
[2025-07-30 10:33:52,337] multiqc                                            [DEBUG  ]  Working dir : /home/aigul_sharip/EPAM/Bioinformatics/Nextflow_training/training/nf-training/work/15/5626cf4a36dcaf4b28d2614222a218
[2025-07-30 10:33:52,337] multiqc                                            [INFO   ]  Template    : default
[2025-07-30 10:33:52,337] multiqc                                            [INFO   ]  Searching '.'
[2025-07-30 10:33:52,337] multiqc                                            [DEBUG  ]  Analysing modules: afterqc, custom_content, conpair, peddy, methylQA, qualimap, preseq, quast, qorts, rna_seqc, rsem, rseqc, busco, goleft_indexcov, disambiguate, supernova, deeptools, sargasso, verifybamid, homer, macs2, theta2, snpeff, gatk, htseq, bcftools, featureCounts, picard, prokka, samblaster, samtools, bamtools, jellyfish, vcftools, bbmap, bismark, hicexplorer, hicup, salmon, kallisto, slamdunk, star, hisat2, tophat, bowtie2, bowtie1, leehom, adapterRemoval, cutadapt, flexbar, trimmomatic, skewer, sortmerna, biobloomtools, fastq_screen, fastqc, clusterflow, bcl2fastq, interop
[2025-07-30 10:33:52,338] multiqc                                            [DEBUG  ]  Using temporary directory for creating report: /tmp/tmpaGr9sx
[2025-07-30 10:33:53,235] multiqc                                            [DEBUG  ]  No samples found: afterqc
[2025-07-30 10:33:53,241] multiqc                                            [DEBUG  ]  No samples found: custom_content
[2025-07-30 10:33:53,246] multiqc                                            [DEBUG  ]  No samples found: conpair
[2025-07-30 10:33:53,251] multiqc                                            [DEBUG  ]  No samples found: peddy
[2025-07-30 10:33:53,256] multiqc                                            [DEBUG  ]  No samples found: methylQA
[2025-07-30 10:33:53,262] multiqc                                            [DEBUG  ]  No samples found: qualimap
[2025-07-30 10:33:53,266] multiqc                                            [DEBUG  ]  No samples found: preseq
[2025-07-30 10:33:53,271] multiqc                                            [DEBUG  ]  No samples found: quast
[2025-07-30 10:33:53,276] multiqc                                            [DEBUG  ]  No samples found: qorts
[2025-07-30 10:33:53,281] multiqc                                            [DEBUG  ]  No samples found: rna_seqc
[2025-07-30 10:33:53,286] multiqc                                            [DEBUG  ]  No samples found: rsem
[2025-07-30 10:33:53,292] multiqc                                            [DEBUG  ]  No samples found: rseqc
[2025-07-30 10:33:53,297] multiqc                                            [DEBUG  ]  No samples found: busco
[2025-07-30 10:33:53,301] multiqc                                            [DEBUG  ]  No samples found: goleft_indexcov
[2025-07-30 10:33:53,306] multiqc                                            [DEBUG  ]  No samples found: disambiguate
[2025-07-30 10:33:53,311] multiqc                                            [DEBUG  ]  No samples found: supernova
[2025-07-30 10:33:53,317] multiqc                                            [DEBUG  ]  No samples found: deeptools
[2025-07-30 10:33:53,322] multiqc                                            [DEBUG  ]  No samples found: sargasso
[2025-07-30 10:33:53,326] multiqc                                            [DEBUG  ]  No samples found: verifybamid
[2025-07-30 10:33:53,332] multiqc                                            [DEBUG  ]  No samples found: homer
[2025-07-30 10:33:53,337] multiqc                                            [DEBUG  ]  No samples found: macs2
[2025-07-30 10:33:53,342] multiqc                                            [DEBUG  ]  No samples found: theta2
[2025-07-30 10:33:53,346] multiqc                                            [DEBUG  ]  No samples found: snpeff
[2025-07-30 10:33:53,352] multiqc                                            [DEBUG  ]  No samples found: gatk
[2025-07-30 10:33:53,356] multiqc                                            [DEBUG  ]  No samples found: htseq
[2025-07-30 10:33:53,361] multiqc                                            [DEBUG  ]  No samples found: bcftools
[2025-07-30 10:33:53,366] multiqc                                            [DEBUG  ]  No samples found: featureCounts
[2025-07-30 10:33:53,373] multiqc                                            [DEBUG  ]  No samples found: picard
[2025-07-30 10:33:53,377] multiqc                                            [DEBUG  ]  No samples found: prokka
[2025-07-30 10:33:53,382] multiqc                                            [DEBUG  ]  No samples found: samblaster
[2025-07-30 10:33:53,388] multiqc                                            [DEBUG  ]  No samples found: samtools
[2025-07-30 10:33:53,393] multiqc                                            [DEBUG  ]  No samples found: bamtools
[2025-07-30 10:33:53,398] multiqc                                            [DEBUG  ]  No samples found: jellyfish
[2025-07-30 10:33:53,403] multiqc                                            [DEBUG  ]  No samples found: vcftools
[2025-07-30 10:33:53,410] multiqc                                            [DEBUG  ]  No samples found: bbmap
[2025-07-30 10:33:53,415] multiqc                                            [DEBUG  ]  No samples found: bismark
[2025-07-30 10:33:53,420] multiqc                                            [DEBUG  ]  No samples found: hicexplorer
[2025-07-30 10:33:53,425] multiqc                                            [DEBUG  ]  No samples found: hicup
[2025-07-30 10:33:53,435] multiqc.modules.salmon.salmon                      [INFO   ]  Found 1 meta reports
[2025-07-30 10:33:53,436] multiqc.modules.salmon.salmon                      [INFO   ]  Found 1 fragment length distributions
[2025-07-30 10:33:53,447] multiqc                                            [DEBUG  ]  No samples found: kallisto
[2025-07-30 10:33:53,452] multiqc                                            [DEBUG  ]  No samples found: slamdunk
[2025-07-30 10:33:53,457] multiqc                                            [DEBUG  ]  No samples found: star
[2025-07-30 10:33:53,461] multiqc                                            [DEBUG  ]  No samples found: hisat2
[2025-07-30 10:33:53,465] multiqc                                            [DEBUG  ]  No samples found: tophat
[2025-07-30 10:33:53,469] multiqc                                            [DEBUG  ]  No samples found: bowtie2
[2025-07-30 10:33:53,473] multiqc                                            [DEBUG  ]  No samples found: bowtie1
[2025-07-30 10:33:53,478] multiqc                                            [DEBUG  ]  No samples found: leehom
[2025-07-30 10:33:53,483] multiqc                                            [DEBUG  ]  No samples found: adapterRemoval
[2025-07-30 10:33:53,489] multiqc                                            [DEBUG  ]  No samples found: cutadapt
[2025-07-30 10:33:53,494] multiqc                                            [DEBUG  ]  No samples found: flexbar
[2025-07-30 10:33:53,498] multiqc                                            [DEBUG  ]  No samples found: trimmomatic
[2025-07-30 10:33:53,502] multiqc                                            [DEBUG  ]  No samples found: skewer
[2025-07-30 10:33:53,507] multiqc                                            [DEBUG  ]  No samples found: sortmerna
[2025-07-30 10:33:53,511] multiqc                                            [DEBUG  ]  No samples found: biobloomtools
[2025-07-30 10:33:53,516] multiqc                                            [DEBUG  ]  No samples found: fastq_screen
[2025-07-30 10:33:53,521] multiqc                                            [DEBUG  ]  No samples found: fastqc
[2025-07-30 10:33:53,527] multiqc                                            [DEBUG  ]  No samples found: clusterflow
[2025-07-30 10:33:53,532] multiqc                                            [DEBUG  ]  No samples found: bcl2fastq
[2025-07-30 10:33:53,537] multiqc                                            [DEBUG  ]  No samples found: interop
[2025-07-30 10:33:53,539] multiqc                                            [INFO   ]  Compressing plot data
[2025-07-30 10:33:53,581] multiqc                                            [INFO   ]  Report      : multiqc_report.html
[2025-07-30 10:33:53,582] multiqc                                            [INFO   ]  Data        : multiqc_data
[2025-07-30 10:33:53,582] multiqc                                            [DEBUG  ]  Moving data file from '/tmp/tmpaGr9sx/multiqc_data/multiqc_data.json' to '/home/aigul_sharip/EPAM/Bioinformatics/Nextflow_training/training/nf-training/work/15/5626cf4a36dcaf4b28d2614222a218/multiqc_data'
[2025-07-30 10:33:53,583] multiqc                                            [DEBUG  ]  Moving data file from '/tmp/tmpaGr9sx/multiqc_data/multiqc_sources.txt' to '/home/aigul_sharip/EPAM/Bioinformatics/Nextflow_training/training/nf-training/work/15/5626cf4a36dcaf4b28d2614222a218/multiqc_data'
[2025-07-30 10:33:53,583] multiqc                                            [DEBUG  ]  Moving data file from '/tmp/tmpaGr9sx/multiqc_data/multiqc_salmon.txt' to '/home/aigul_sharip/EPAM/Bioinformatics/Nextflow_training/training/nf-training/work/15/5626cf4a36dcaf4b28d2614222a218/multiqc_data'
[2025-07-30 10:33:53,584] multiqc                                            [DEBUG  ]  Moving data file from '/tmp/tmpaGr9sx/multiqc_data/multiqc_general_stats.txt' to '/home/aigul_sharip/EPAM/Bioinformatics/Nextflow_training/training/nf-training/work/15/5626cf4a36dcaf4b28d2614222a218/multiqc_data'
[2025-07-30 10:33:53,716] multiqc                                            [INFO   ]  MultiQC complete
