[2025-08-04 07:29:27.237] [jointLog] [info] setting maxHashResizeThreads to 1
[2025-08-04 07:29:27.237] [jointLog] [info] Fragment incompatibility prior below threshold.  Incompatible fragments will be ignored.
[2025-08-04 07:29:27.237] [jointLog] [info] Usage of --validateMappings implies use of minScoreFraction. Since not explicitly specified, it is being set to 0.65
[2025-08-04 07:29:27.237] [jointLog] [info] Setting consensusSlack to selective-alignment default of 0.35.
[2025-08-04 07:29:27.237] [jointLog] [info] parsing read library format
[2025-08-04 07:29:27.237] [jointLog] [info] There is 1 library.
[2025-08-04 07:29:27.238] [jointLog] [info] Loading pufferfish index
[2025-08-04 07:29:27.238] [jointLog] [info] Loading dense pufferfish index.
[2025-08-04 07:29:27.239] [jointLog] [info] done
[2025-08-04 07:29:27.302] [jointLog] [info] Index contained 1 targets
[2025-08-04 07:29:27.302] [jointLog] [info] Number of decoys : 0
[2025-08-04 07:29:27.377] [jointLog] [info] Computed 1 rich equivalence classes for further processing
[2025-08-04 07:29:27.377] [jointLog] [info] Counted 1984 total reads in the equivalence classes 
[2025-08-04 07:29:27.378] [jointLog] [info] Number of mappings discarded because of alignment score : 1505
[2025-08-04 07:29:27.378] [jointLog] [info] Number of fragments entirely discarded because of alignment score : 948
[2025-08-04 07:29:27.378] [jointLog] [info] Number of fragments discarded because they are best-mapped to decoys : 0
[2025-08-04 07:29:27.378] [jointLog] [info] Number of fragments discarded because they have only dovetail (discordant) mappings to valid targets : 1044
[2025-08-04 07:29:27.378] [jointLog] [warning] Only 1984 fragments were mapped, but the number of burn-in fragments was set to 5000000.
The effective lengths have been computed using the observed mappings.

[2025-08-04 07:29:27.378] [jointLog] [info] Mapping rate = 67.5519%

[2025-08-04 07:29:27.378] [jointLog] [info] finished quantifyLibrary()
[2025-08-04 07:29:27.379] [jointLog] [info] Starting optimizer
[2025-08-04 07:29:27.378] [fileLog] [info] 
At end of round 0
==================
Observed 2937 total fragments (2937 in most recent round)

[2025-08-04 07:29:27.380] [jointLog] [info] Marked 0 weighted equivalence classes as degenerate
[2025-08-04 07:29:27.380] [jointLog] [info] iteration = 0 | max rel diff. = 3.43811e-16
[2025-08-04 07:29:27.380] [jointLog] [info] iteration = 100 | max rel diff. = 0
[2025-08-04 07:29:27.380] [jointLog] [info] Finished optimizer
[2025-08-04 07:29:27.380] [jointLog] [info] writing output 

[2025-08-04 07:29:27.380] [jointLog] [warning] NOTE: Read Lib [[ gut_1.fq, gut_2.fq]] :

Detected a *potential* strand bias > 1% in an unstranded protocol check the file: gut/lib_format_counts.json for details

