[2025-07-30 10:33:50,999] multiqc                                            [DEBUG  ]  No MultiQC config found: /opt/conda/lib/python2.7/site-packages/multiqc_config.yaml
[2025-07-30 10:33:50,999] multiqc                                            [DEBUG  ]  No MultiQC config found: /.multiqc_config.yaml
[2025-07-30 10:33:50,999] multiqc                                            [DEBUG  ]  No MultiQC config found: multiqc_config.yaml
[2025-07-30 10:33:50,999] multiqc                                            [DEBUG  ]  Command used: /opt/conda/bin/multiqc .
[2025-07-30 10:33:52,172] multiqc                                            [WARNING]  MultiQC Version v1.30 now available!
[2025-07-30 10:33:52,173] multiqc                                            [INFO   ]  This is MultiQC v1.5.dev0
[2025-07-30 10:33:52,173] multiqc                                            [DEBUG  ]  Command     : /opt/conda/bin/multiqc .
[2025-07-30 10:33:52,173] multiqc                                            [DEBUG  ]  Working dir : /home/aigul_sharip/EPAM/Bioinformatics/Nextflow_training/training/nf-training/work/27/d37683e58fc4aa73a5713eafa8bd48
[2025-07-30 10:33:52,173] multiqc                                            [INFO   ]  Template    : default
[2025-07-30 10:33:52,173] multiqc                                            [INFO   ]  Searching '.'
[2025-07-30 10:33:52,174] multiqc                                            [DEBUG  ]  Analysing modules: afterqc, custom_content, conpair, peddy, methylQA, qualimap, preseq, quast, qorts, rna_seqc, rsem, rseqc, busco, goleft_indexcov, disambiguate, supernova, deeptools, sargasso, verifybamid, homer, macs2, theta2, snpeff, gatk, htseq, bcftools, featureCounts, picard, prokka, samblaster, samtools, bamtools, jellyfish, vcftools, bbmap, bismark, hicexplorer, hicup, salmon, kallisto, slamdunk, star, hisat2, tophat, bowtie2, bowtie1, leehom, adapterRemoval, cutadapt, flexbar, trimmomatic, skewer, sortmerna, biobloomtools, fastq_screen, fastqc, clusterflow, bcl2fastq, interop
[2025-07-30 10:33:52,174] multiqc                                            [DEBUG  ]  Using temporary directory for creating report: /tmp/tmpGaxMIn
[2025-07-30 10:33:52,256] multiqc                                            [DEBUG  ]  Ignoring file as matched an ignore pattern: gut_1_fastqc.html
[2025-07-30 10:33:52,257] multiqc                                            [DEBUG  ]  Ignoring file as matched an ignore pattern: gut_2_fastqc.html
[2025-07-30 10:33:52,937] multiqc                                            [DEBUG  ]  No samples found: afterqc
[2025-07-30 10:33:52,944] multiqc                                            [DEBUG  ]  No samples found: custom_content
[2025-07-30 10:33:52,949] multiqc                                            [DEBUG  ]  No samples found: conpair
[2025-07-30 10:33:52,954] multiqc                                            [DEBUG  ]  No samples found: peddy
[2025-07-30 10:33:52,959] multiqc                                            [DEBUG  ]  No samples found: methylQA
[2025-07-30 10:33:52,965] multiqc                                            [DEBUG  ]  No samples found: qualimap
[2025-07-30 10:33:52,970] multiqc                                            [DEBUG  ]  No samples found: preseq
[2025-07-30 10:33:52,975] multiqc                                            [DEBUG  ]  No samples found: quast
[2025-07-30 10:33:52,980] multiqc                                            [DEBUG  ]  No samples found: qorts
[2025-07-30 10:33:52,985] multiqc                                            [DEBUG  ]  No samples found: rna_seqc
[2025-07-30 10:33:52,989] multiqc                                            [DEBUG  ]  No samples found: rsem
[2025-07-30 10:33:52,995] multiqc                                            [DEBUG  ]  No samples found: rseqc
[2025-07-30 10:33:52,998] multiqc                                            [DEBUG  ]  No samples found: busco
[2025-07-30 10:33:53,001] multiqc                                            [DEBUG  ]  No samples found: goleft_indexcov
[2025-07-30 10:33:53,003] multiqc                                            [DEBUG  ]  No samples found: disambiguate
[2025-07-30 10:33:53,006] multiqc                                            [DEBUG  ]  No samples found: supernova
[2025-07-30 10:33:53,009] multiqc                                            [DEBUG  ]  No samples found: deeptools
[2025-07-30 10:33:53,012] multiqc                                            [DEBUG  ]  No samples found: sargasso
[2025-07-30 10:33:53,017] multiqc                                            [DEBUG  ]  No samples found: verifybamid
[2025-07-30 10:33:53,023] multiqc                                            [DEBUG  ]  No samples found: homer
[2025-07-30 10:33:53,028] multiqc                                            [DEBUG  ]  No samples found: macs2
[2025-07-30 10:33:53,032] multiqc                                            [DEBUG  ]  No samples found: theta2
[2025-07-30 10:33:53,037] multiqc                                            [DEBUG  ]  No samples found: snpeff
[2025-07-30 10:33:53,042] multiqc                                            [DEBUG  ]  No samples found: gatk
[2025-07-30 10:33:53,047] multiqc                                            [DEBUG  ]  No samples found: htseq
[2025-07-30 10:33:53,052] multiqc                                            [DEBUG  ]  No samples found: bcftools
[2025-07-30 10:33:53,056] multiqc                                            [DEBUG  ]  No samples found: featureCounts
[2025-07-30 10:33:53,063] multiqc                                            [DEBUG  ]  No samples found: picard
[2025-07-30 10:33:53,068] multiqc                                            [DEBUG  ]  No samples found: prokka
[2025-07-30 10:33:53,072] multiqc                                            [DEBUG  ]  No samples found: samblaster
[2025-07-30 10:33:53,078] multiqc                                            [DEBUG  ]  No samples found: samtools
[2025-07-30 10:33:53,082] multiqc                                            [DEBUG  ]  No samples found: bamtools
[2025-07-30 10:33:53,087] multiqc                                            [DEBUG  ]  No samples found: jellyfish
[2025-07-30 10:33:53,092] multiqc                                            [DEBUG  ]  No samples found: vcftools
[2025-07-30 10:33:53,099] multiqc                                            [DEBUG  ]  No samples found: bbmap
[2025-07-30 10:33:53,104] multiqc                                            [DEBUG  ]  No samples found: bismark
[2025-07-30 10:33:53,108] multiqc                                            [DEBUG  ]  No samples found: hicexplorer
[2025-07-30 10:33:53,113] multiqc                                            [DEBUG  ]  No samples found: hicup
[2025-07-30 10:33:53,118] multiqc                                            [DEBUG  ]  No samples found: salmon
[2025-07-30 10:33:53,123] multiqc                                            [DEBUG  ]  No samples found: kallisto
[2025-07-30 10:33:53,128] multiqc                                            [DEBUG  ]  No samples found: slamdunk
[2025-07-30 10:33:53,133] multiqc                                            [DEBUG  ]  No samples found: star
[2025-07-30 10:33:53,138] multiqc                                            [DEBUG  ]  No samples found: hisat2
[2025-07-30 10:33:53,143] multiqc                                            [DEBUG  ]  No samples found: tophat
[2025-07-30 10:33:53,148] multiqc                                            [DEBUG  ]  No samples found: bowtie2
[2025-07-30 10:33:53,153] multiqc                                            [DEBUG  ]  No samples found: bowtie1
[2025-07-30 10:33:53,157] multiqc                                            [DEBUG  ]  No samples found: leehom
[2025-07-30 10:33:53,163] multiqc                                            [DEBUG  ]  No samples found: adapterRemoval
[2025-07-30 10:33:53,170] multiqc                                            [DEBUG  ]  No samples found: cutadapt
[2025-07-30 10:33:53,175] multiqc                                            [DEBUG  ]  No samples found: flexbar
[2025-07-30 10:33:53,180] multiqc                                            [DEBUG  ]  No samples found: trimmomatic
[2025-07-30 10:33:53,185] multiqc                                            [DEBUG  ]  No samples found: skewer
[2025-07-30 10:33:53,190] multiqc                                            [DEBUG  ]  No samples found: sortmerna
[2025-07-30 10:33:53,195] multiqc                                            [DEBUG  ]  No samples found: biobloomtools
[2025-07-30 10:33:53,200] multiqc                                            [DEBUG  ]  No samples found: fastq_screen
[2025-07-30 10:33:53,233] multiqc.modules.fastqc.fastqc                      [INFO   ]  Found 2 reports
[2025-07-30 10:33:53,434] multiqc                                            [DEBUG  ]  No samples found: clusterflow
[2025-07-30 10:33:53,438] multiqc                                            [DEBUG  ]  No samples found: bcl2fastq
[2025-07-30 10:33:53,441] multiqc                                            [DEBUG  ]  No samples found: interop
[2025-07-30 10:33:53,444] multiqc                                            [INFO   ]  Compressing plot data
[2025-07-30 10:33:53,575] multiqc                                            [INFO   ]  Report      : multiqc_report.html
[2025-07-30 10:33:53,575] multiqc                                            [INFO   ]  Data        : multiqc_data
[2025-07-30 10:33:53,576] multiqc                                            [DEBUG  ]  Moving data file from '/tmp/tmpGaxMIn/multiqc_data/multiqc_data.json' to '/home/aigul_sharip/EPAM/Bioinformatics/Nextflow_training/training/nf-training/work/27/d37683e58fc4aa73a5713eafa8bd48/multiqc_data'
[2025-07-30 10:33:53,577] multiqc                                            [DEBUG  ]  Moving data file from '/tmp/tmpGaxMIn/multiqc_data/multiqc_fastqc.txt' to '/home/aigul_sharip/EPAM/Bioinformatics/Nextflow_training/training/nf-training/work/27/d37683e58fc4aa73a5713eafa8bd48/multiqc_data'
[2025-07-30 10:33:53,577] multiqc                                            [DEBUG  ]  Moving data file from '/tmp/tmpGaxMIn/multiqc_data/multiqc_sources.txt' to '/home/aigul_sharip/EPAM/Bioinformatics/Nextflow_training/training/nf-training/work/27/d37683e58fc4aa73a5713eafa8bd48/multiqc_data'
[2025-07-30 10:33:53,578] multiqc                                            [DEBUG  ]  Moving data file from '/tmp/tmpGaxMIn/multiqc_data/multiqc_general_stats.txt' to '/home/aigul_sharip/EPAM/Bioinformatics/Nextflow_training/training/nf-training/work/27/d37683e58fc4aa73a5713eafa8bd48/multiqc_data'
[2025-07-30 10:33:53,731] multiqc                                            [INFO   ]  MultiQC complete
