[2025-07-30 10:55:22,855] multiqc                                            [DEBUG  ]  No MultiQC config found: /opt/conda/lib/python2.7/site-packages/multiqc_config.yaml
[2025-07-30 10:55:22,855] multiqc                                            [DEBUG  ]  No MultiQC config found: /.multiqc_config.yaml
[2025-07-30 10:55:22,855] multiqc                                            [DEBUG  ]  No MultiQC config found: multiqc_config.yaml
[2025-07-30 10:55:22,855] multiqc                                            [DEBUG  ]  Command used: /opt/conda/bin/multiqc .
[2025-07-30 10:55:24,211] multiqc                                            [WARNING]  MultiQC Version v1.30 now available!
[2025-07-30 10:55:24,211] multiqc                                            [INFO   ]  This is MultiQC v1.5.dev0
[2025-07-30 10:55:24,212] multiqc                                            [DEBUG  ]  Command     : /opt/conda/bin/multiqc .
[2025-07-30 10:55:24,212] multiqc                                            [DEBUG  ]  Working dir : /home/aigul_sharip/EPAM/Bioinformatics/Nextflow_training/training/nf-training/work/f0/7ae8ee07aaca6ab53db13e10b5bf8d
[2025-07-30 10:55:24,212] multiqc                                            [INFO   ]  Template    : default
[2025-07-30 10:55:24,212] multiqc                                            [INFO   ]  Searching '.'
[2025-07-30 10:55:24,212] multiqc                                            [DEBUG  ]  Analysing modules: afterqc, custom_content, conpair, peddy, methylQA, qualimap, preseq, quast, qorts, rna_seqc, rsem, rseqc, busco, goleft_indexcov, disambiguate, supernova, deeptools, sargasso, verifybamid, homer, macs2, theta2, snpeff, gatk, htseq, bcftools, featureCounts, picard, prokka, samblaster, samtools, bamtools, jellyfish, vcftools, bbmap, bismark, hicexplorer, hicup, salmon, kallisto, slamdunk, star, hisat2, tophat, bowtie2, bowtie1, leehom, adapterRemoval, cutadapt, flexbar, trimmomatic, skewer, sortmerna, biobloomtools, fastq_screen, fastqc, clusterflow, bcl2fastq, interop
[2025-07-30 10:55:24,213] multiqc                                            [DEBUG  ]  Using temporary directory for creating report: /tmp/tmpakICJW
[2025-07-30 10:55:24,324] multiqc                                            [DEBUG  ]  Ignoring file as matched an ignore pattern: liver_2_fastqc.html
[2025-07-30 10:55:24,324] multiqc                                            [DEBUG  ]  Ignoring file as matched an ignore pattern: liver_1_fastqc.html
[2025-07-30 10:55:24,356] multiqc                                            [DEBUG  ]  Ignoring file as matched an ignore pattern: gut_1_fastqc.html
[2025-07-30 10:55:24,356] multiqc                                            [DEBUG  ]  Ignoring file as matched an ignore pattern: gut_2_fastqc.html
[2025-07-30 10:55:24,381] multiqc                                            [DEBUG  ]  Ignoring file as matched an ignore pattern: lung_2_fastqc.html
[2025-07-30 10:55:24,381] multiqc                                            [DEBUG  ]  Ignoring file as matched an ignore pattern: lung_1_fastqc.html
[2025-07-30 10:55:24,700] multiqc                                            [DEBUG  ]  No samples found: afterqc
[2025-07-30 10:55:24,703] multiqc                                            [DEBUG  ]  No samples found: custom_content
[2025-07-30 10:55:24,705] multiqc                                            [DEBUG  ]  No samples found: conpair
[2025-07-30 10:55:24,707] multiqc                                            [DEBUG  ]  No samples found: peddy
[2025-07-30 10:55:24,709] multiqc                                            [DEBUG  ]  No samples found: methylQA
[2025-07-30 10:55:24,711] multiqc                                            [DEBUG  ]  No samples found: qualimap
[2025-07-30 10:55:24,713] multiqc                                            [DEBUG  ]  No samples found: preseq
[2025-07-30 10:55:24,715] multiqc                                            [DEBUG  ]  No samples found: quast
[2025-07-30 10:55:24,717] multiqc                                            [DEBUG  ]  No samples found: qorts
[2025-07-30 10:55:24,719] multiqc                                            [DEBUG  ]  No samples found: rna_seqc
[2025-07-30 10:55:24,721] multiqc                                            [DEBUG  ]  No samples found: rsem
[2025-07-30 10:55:24,723] multiqc                                            [DEBUG  ]  No samples found: rseqc
[2025-07-30 10:55:24,725] multiqc                                            [DEBUG  ]  No samples found: busco
[2025-07-30 10:55:24,727] multiqc                                            [DEBUG  ]  No samples found: goleft_indexcov
[2025-07-30 10:55:24,729] multiqc                                            [DEBUG  ]  No samples found: disambiguate
[2025-07-30 10:55:24,731] multiqc                                            [DEBUG  ]  No samples found: supernova
[2025-07-30 10:55:24,734] multiqc                                            [DEBUG  ]  No samples found: deeptools
[2025-07-30 10:55:24,736] multiqc                                            [DEBUG  ]  No samples found: sargasso
[2025-07-30 10:55:24,738] multiqc                                            [DEBUG  ]  No samples found: verifybamid
[2025-07-30 10:55:24,740] multiqc                                            [DEBUG  ]  No samples found: homer
[2025-07-30 10:55:24,742] multiqc                                            [DEBUG  ]  No samples found: macs2
[2025-07-30 10:55:24,744] multiqc                                            [DEBUG  ]  No samples found: theta2
[2025-07-30 10:55:24,746] multiqc                                            [DEBUG  ]  No samples found: snpeff
[2025-07-30 10:55:24,748] multiqc                                            [DEBUG  ]  No samples found: gatk
[2025-07-30 10:55:24,749] multiqc                                            [DEBUG  ]  No samples found: htseq
[2025-07-30 10:55:24,751] multiqc                                            [DEBUG  ]  No samples found: bcftools
[2025-07-30 10:55:24,753] multiqc                                            [DEBUG  ]  No samples found: featureCounts
[2025-07-30 10:55:24,756] multiqc                                            [DEBUG  ]  No samples found: picard
[2025-07-30 10:55:24,757] multiqc                                            [DEBUG  ]  No samples found: prokka
[2025-07-30 10:55:24,760] multiqc                                            [DEBUG  ]  No samples found: samblaster
[2025-07-30 10:55:24,762] multiqc                                            [DEBUG  ]  No samples found: samtools
[2025-07-30 10:55:24,764] multiqc                                            [DEBUG  ]  No samples found: bamtools
[2025-07-30 10:55:24,765] multiqc                                            [DEBUG  ]  No samples found: jellyfish
[2025-07-30 10:55:24,767] multiqc                                            [DEBUG  ]  No samples found: vcftools
[2025-07-30 10:55:24,770] multiqc                                            [DEBUG  ]  No samples found: bbmap
[2025-07-30 10:55:24,772] multiqc                                            [DEBUG  ]  No samples found: bismark
[2025-07-30 10:55:24,774] multiqc                                            [DEBUG  ]  No samples found: hicexplorer
[2025-07-30 10:55:24,776] multiqc                                            [DEBUG  ]  No samples found: hicup
[2025-07-30 10:55:24,783] multiqc.modules.salmon.salmon                      [INFO   ]  Found 3 meta reports
[2025-07-30 10:55:24,785] multiqc.modules.salmon.salmon                      [INFO   ]  Found 3 fragment length distributions
[2025-07-30 10:55:24,792] multiqc                                            [DEBUG  ]  No samples found: kallisto
[2025-07-30 10:55:24,794] multiqc                                            [DEBUG  ]  No samples found: slamdunk
[2025-07-30 10:55:24,796] multiqc                                            [DEBUG  ]  No samples found: star
[2025-07-30 10:55:24,798] multiqc                                            [DEBUG  ]  No samples found: hisat2
[2025-07-30 10:55:24,800] multiqc                                            [DEBUG  ]  No samples found: tophat
[2025-07-30 10:55:24,802] multiqc                                            [DEBUG  ]  No samples found: bowtie2
[2025-07-30 10:55:24,804] multiqc                                            [DEBUG  ]  No samples found: bowtie1
[2025-07-30 10:55:24,805] multiqc                                            [DEBUG  ]  No samples found: leehom
[2025-07-30 10:55:24,807] multiqc                                            [DEBUG  ]  No samples found: adapterRemoval
[2025-07-30 10:55:24,809] multiqc                                            [DEBUG  ]  No samples found: cutadapt
[2025-07-30 10:55:24,811] multiqc                                            [DEBUG  ]  No samples found: flexbar
[2025-07-30 10:55:24,813] multiqc                                            [DEBUG  ]  No samples found: trimmomatic
[2025-07-30 10:55:24,815] multiqc                                            [DEBUG  ]  No samples found: skewer
[2025-07-30 10:55:24,817] multiqc                                            [DEBUG  ]  No samples found: sortmerna
[2025-07-30 10:55:24,819] multiqc                                            [DEBUG  ]  No samples found: biobloomtools
[2025-07-30 10:55:24,821] multiqc                                            [DEBUG  ]  No samples found: fastq_screen
[2025-07-30 10:55:24,859] multiqc.modules.fastqc.fastqc                      [INFO   ]  Found 6 reports
[2025-07-30 10:55:25,092] multiqc                                            [DEBUG  ]  No samples found: clusterflow
[2025-07-30 10:55:25,094] multiqc                                            [DEBUG  ]  No samples found: bcl2fastq
[2025-07-30 10:55:25,096] multiqc                                            [DEBUG  ]  No samples found: interop
[2025-07-30 10:55:25,101] multiqc                                            [INFO   ]  Compressing plot data
[2025-07-30 10:55:25,293] multiqc                                            [INFO   ]  Report      : multiqc_report.html
[2025-07-30 10:55:25,293] multiqc                                            [INFO   ]  Data        : multiqc_data
[2025-07-30 10:55:25,293] multiqc                                            [DEBUG  ]  Moving data file from '/tmp/tmpakICJW/multiqc_data/multiqc_data.json' to '/home/aigul_sharip/EPAM/Bioinformatics/Nextflow_training/training/nf-training/work/f0/7ae8ee07aaca6ab53db13e10b5bf8d/multiqc_data'
[2025-07-30 10:55:25,295] multiqc                                            [DEBUG  ]  Moving data file from '/tmp/tmpakICJW/multiqc_data/multiqc_fastqc.txt' to '/home/aigul_sharip/EPAM/Bioinformatics/Nextflow_training/training/nf-training/work/f0/7ae8ee07aaca6ab53db13e10b5bf8d/multiqc_data'
[2025-07-30 10:55:25,295] multiqc                                            [DEBUG  ]  Moving data file from '/tmp/tmpakICJW/multiqc_data/multiqc_sources.txt' to '/home/aigul_sharip/EPAM/Bioinformatics/Nextflow_training/training/nf-training/work/f0/7ae8ee07aaca6ab53db13e10b5bf8d/multiqc_data'
[2025-07-30 10:55:25,295] multiqc                                            [DEBUG  ]  Moving data file from '/tmp/tmpakICJW/multiqc_data/multiqc_salmon.txt' to '/home/aigul_sharip/EPAM/Bioinformatics/Nextflow_training/training/nf-training/work/f0/7ae8ee07aaca6ab53db13e10b5bf8d/multiqc_data'
[2025-07-30 10:55:25,296] multiqc                                            [DEBUG  ]  Moving data file from '/tmp/tmpakICJW/multiqc_data/multiqc_general_stats.txt' to '/home/aigul_sharip/EPAM/Bioinformatics/Nextflow_training/training/nf-training/work/f0/7ae8ee07aaca6ab53db13e10b5bf8d/multiqc_data'
[2025-07-30 10:55:25,370] multiqc                                            [INFO   ]  MultiQC complete
